{
"contracts/GlintToken.sol":{"l":{"10":93},"path":"/home/vincent/Uni/blockchain-prototyping-sose2025/Lending (BC) + frontend/loan-management/backend/contracts/GlintToken.sol","s":{"1":93},"b":{},"f":{"1":93},"fnMap":{"1":{"name":"constructor","line":9,"loc":{"start":{"line":9,"column":4},"end":{"line":11,"column":4}}}},"statementMap":{"1":{"start":{"line":10,"column":8},"end":{"line":10,"column":39}}},"branchMap":{}},
"contracts/LendingManager.sol":{"l":{"66":88,"67":88,"68":88,"69":88,"72":88,"73":88,"74":88,"78":60,"79":2,"81":58,"82":2,"86":56,"87":56,"89":56,"90":56,"92":56,"93":56,"94":56,"97":56,"98":56,"100":56,"104":7,"105":7,"106":0,"108":7,"109":0,"112":7,"113":7,"114":7,"115":7,"117":7,"125":6,"126":6,"127":0,"130":6,"131":6,"133":6,"134":3,"135":3,"136":3,"139":6,"140":6,"141":6,"144":6,"150":6,"152":6,"153":6,"157":2,"158":2,"159":0,"162":2,"163":2,"164":2,"165":0,"168":2,"169":2,"172":2,"178":2,"180":2,"181":2,"185":1,"186":1,"187":0,"190":1,"191":1,"192":1,"194":1,"211":8,"212":8,"213":8,"214":8,"215":8,"217":8,"218":7,"219":7,"224":8,"240":0,"241":0,"243":0,"247":0,"248":0,"252":0,"253":0,"254":0,"263":1,"264":1,"266":1,"267":1,"270":1,"271":1,"274":1,"275":1,"279":1,"286":2,"287":2,"289":2,"290":2,"293":2,"299":0,"300":0,"301":0,"305":0,"311":0,"312":0,"314":0,"315":0,"322":0,"323":0,"324":0,"329":34,"334":131,"335":151,"336":121,"339":10,"343":75,"344":75,"346":75,"347":67,"353":8,"354":8,"355":97,"357":8,"361":65,"362":65,"364":9,"365":9,"368":9,"369":3,"370":3,"371":3,"372":3,"373":3,"376":9,"377":9,"383":8,"384":8,"385":7,"394":0,"395":0,"396":0,"398":0,"403":0,"404":0,"408":2,"409":1,"410":1},"path":"/home/vincent/Uni/blockchain-prototyping-sose2025/Lending (BC) + frontend/loan-management/backend/contracts/LendingManager.sol","s":{"1":88,"2":88,"3":88,"4":60,"5":2,"6":58,"7":2,"8":56,"9":56,"10":56,"11":56,"12":56,"13":56,"14":7,"15":7,"16":0,"17":7,"18":0,"19":7,"20":7,"21":6,"22":6,"23":0,"24":6,"25":6,"26":6,"27":3,"28":6,"29":6,"30":6,"31":6,"32":2,"33":2,"34":0,"35":2,"36":2,"37":2,"38":0,"39":2,"40":2,"41":2,"42":2,"43":1,"44":1,"45":0,"46":1,"47":1,"48":8,"49":8,"50":7,"51":0,"52":0,"53":0,"54":1,"55":1,"56":0,"57":1,"58":1,"59":1,"60":1,"61":1,"62":2,"63":2,"64":2,"65":2,"66":0,"67":0,"68":0,"69":0,"70":0,"71":0,"72":0,"73":0,"74":0,"75":0,"76":0,"77":0,"78":0,"79":34,"80":131,"81":151,"82":121,"83":10,"84":75,"85":75,"86":75,"87":67,"88":8,"89":8,"90":8,"91":65,"92":65,"93":56,"94":9,"95":9,"96":9,"97":3,"98":8,"99":8,"100":1,"101":7,"102":0,"103":0,"104":0,"105":0,"106":2},"b":{"1":[2,58],"2":[2,56],"3":[56,0],"4":[56,0],"5":[0,7],"6":[0,7],"7":[0,6],"8":[3,3],"9":[6,0],"10":[0,2],"11":[0,2],"12":[2,0],"13":[0,1],"14":[7,1],"15":[0,0],"16":[0,0],"17":[0,1],"18":[1,0],"19":[0,0],"20":[0,0],"21":[0,0],"22":[121,30],"23":[67,8],"24":[0,67],"25":[56,9],"26":[3,6],"27":[1,7],"28":[0,0],"29":[0,0],"30":[0,0],"31":[0,0],"32":[0,0],"33":[2,0],"34":[1,1]},"f":{"1":88,"2":60,"3":7,"4":6,"5":2,"6":1,"7":8,"8":0,"9":1,"10":2,"11":0,"12":0,"13":0,"14":0,"15":34,"16":131,"17":75,"18":65,"19":8,"20":0,"21":0,"22":2},"fnMap":{"1":{"name":"constructor","line":65,"loc":{"start":{"line":62,"column":4},"end":{"line":75,"column":4}}},"2":{"name":"depositFunds","line":77,"loc":{"start":{"line":77,"column":4},"end":{"line":101,"column":4}}},"3":{"name":"requestWithdrawal","line":103,"loc":{"start":{"line":103,"column":4},"end":{"line":122,"column":4}}},"4":{"name":"completeWithdrawal","line":124,"loc":{"start":{"line":124,"column":4},"end":{"line":154,"column":4}}},"5":{"name":"claimInterest","line":156,"loc":{"start":{"line":156,"column":4},"end":{"line":182,"column":4}}},"6":{"name":"cancelPrincipalWithdrawal","line":184,"loc":{"start":{"line":184,"column":4},"end":{"line":195,"column":4}}},"7":{"name":"getLenderInfo","line":197,"loc":{"start":{"line":197,"column":4},"end":{"line":225,"column":4}}},"8":{"name":"getWithdrawalStatus","line":227,"loc":{"start":{"line":227,"column":4},"end":{"line":258,"column":4}}},"9":{"name":"calculateInterest","line":260,"loc":{"start":{"line":260,"column":4},"end":{"line":280,"column":4}}},"10":{"name":"calculatePotentialInterest","line":282,"loc":{"start":{"line":282,"column":4},"end":{"line":294,"column":4}}},"11":{"name":"getInterestTier","line":296,"loc":{"start":{"line":296,"column":4},"end":{"line":302,"column":4}}},"12":{"name":"getInterestTierCount","line":304,"loc":{"start":{"line":304,"column":4},"end":{"line":306,"column":4}}},"13":{"name":"getAvailableInterest","line":308,"loc":{"start":{"line":308,"column":4},"end":{"line":317,"column":4}}},"14":{"name":"canCompleteWithdrawal","line":319,"loc":{"start":{"line":319,"column":4},"end":{"line":326,"column":4}}},"15":{"name":"getInterestRate","line":328,"loc":{"start":{"line":328,"column":4},"end":{"line":330,"column":4}}},"16":{"name":"_getInterestRate","line":333,"loc":{"start":{"line":333,"column":4},"end":{"line":340,"column":4}}},"17":{"name":"_currentInterestIndex","line":342,"loc":{"start":{"line":342,"column":4},"end":{"line":358,"column":4}}},"18":{"name":"_creditInterest","line":360,"loc":{"start":{"line":360,"column":4},"end":{"line":378,"column":4}}},"19":{"name":"_nextDistributionTime","line":380,"loc":{"start":{"line":380,"column":4},"end":{"line":386,"column":4}}},"20":{"name":"setInterestTier","line":393,"loc":{"start":{"line":389,"column":4},"end":{"line":400,"column":4}}},"21":{"name":"setEarlyWithdrawalPenalty","line":402,"loc":{"start":{"line":402,"column":4},"end":{"line":405,"column":4}}},"22":{"name":"setCurrentDailyRate","line":407,"loc":{"start":{"line":407,"column":4},"end":{"line":411,"column":4}}}},"statementMap":{"1":{"start":{"line":72,"column":8},"end":{"line":72,"column":63}},"2":{"start":{"line":73,"column":8},"end":{"line":73,"column":62}},"3":{"start":{"line":74,"column":8},"end":{"line":74,"column":62}},"4":{"start":{"line":78,"column":8},"end":{"line":78,"column":2746}},"5":{"start":{"line":79,"column":12},"end":{"line":79,"column":43}},"6":{"start":{"line":81,"column":8},"end":{"line":81,"column":2848}},"7":{"start":{"line":82,"column":12},"end":{"line":82,"column":55}},"8":{"start":{"line":86,"column":8},"end":{"line":86,"column":67}},"9":{"start":{"line":87,"column":8},"end":{"line":87,"column":68}},"10":{"start":{"line":89,"column":8},"end":{"line":89,"column":55}},"11":{"start":{"line":90,"column":8},"end":{"line":90,"column":34}},"12":{"start":{"line":92,"column":8},"end":{"line":92,"column":3273}},"13":{"start":{"line":100,"column":8},"end":{"line":100,"column":50}},"14":{"start":{"line":104,"column":8},"end":{"line":104,"column":55}},"15":{"start":{"line":105,"column":8},"end":{"line":105,"column":3678}},"16":{"start":{"line":106,"column":12},"end":{"line":106,"column":50}},"17":{"start":{"line":108,"column":8},"end":{"line":108,"column":3822}},"18":{"start":{"line":109,"column":12},"end":{"line":109,"column":41}},"19":{"start":{"line":112,"column":8},"end":{"line":112,"column":34}},"20":{"start":{"line":117,"column":8},"end":{"line":117,"column":4116}},"21":{"start":{"line":125,"column":8},"end":{"line":125,"column":55}},"22":{"start":{"line":126,"column":8},"end":{"line":126,"column":4363}},"23":{"start":{"line":127,"column":12},"end":{"line":127,"column":42}},"24":{"start":{"line":130,"column":8},"end":{"line":130,"column":58}},"25":{"start":{"line":131,"column":8},"end":{"line":131,"column":27}},"26":{"start":{"line":133,"column":8},"end":{"line":133,"column":4563}},"27":{"start":{"line":136,"column":12},"end":{"line":136,"column":60}},"28":{"start":{"line":144,"column":8},"end":{"line":144,"column":4989}},"29":{"start":{"line":150,"column":8},"end":{"line":150,"column":70}},"30":{"start":{"line":152,"column":8},"end":{"line":152,"column":43}},"31":{"start":{"line":153,"column":8},"end":{"line":153,"column":56}},"32":{"start":{"line":157,"column":8},"end":{"line":157,"column":55}},"33":{"start":{"line":158,"column":8},"end":{"line":158,"column":5456}},"34":{"start":{"line":159,"column":12},"end":{"line":159,"column":39}},"35":{"start":{"line":162,"column":8},"end":{"line":162,"column":34}},"36":{"start":{"line":163,"column":8},"end":{"line":163,"column":48}},"37":{"start":{"line":164,"column":8},"end":{"line":164,"column":5631}},"38":{"start":{"line":165,"column":12},"end":{"line":165,"column":41}},"39":{"start":{"line":172,"column":8},"end":{"line":172,"column":5829}},"40":{"start":{"line":178,"column":8},"end":{"line":178,"column":70}},"41":{"start":{"line":180,"column":8},"end":{"line":180,"column":45}},"42":{"start":{"line":181,"column":8},"end":{"line":181,"column":50}},"43":{"start":{"line":185,"column":8},"end":{"line":185,"column":55}},"44":{"start":{"line":186,"column":8},"end":{"line":186,"column":6306}},"45":{"start":{"line":187,"column":12},"end":{"line":187,"column":52}},"46":{"start":{"line":190,"column":8},"end":{"line":190,"column":58}},"47":{"start":{"line":194,"column":8},"end":{"line":194,"column":52}},"48":{"start":{"line":211,"column":8},"end":{"line":211,"column":48}},"49":{"start":{"line":217,"column":8},"end":{"line":217,"column":7260}},"50":{"start":{"line":218,"column":12},"end":{"line":218,"column":58}},"51":{"start":{"line":240,"column":8},"end":{"line":240,"column":48}},"52":{"start":{"line":252,"column":8},"end":{"line":252,"column":8314}},"53":{"start":{"line":253,"column":12},"end":{"line":253,"column":58}},"54":{"start":{"line":263,"column":8},"end":{"line":263,"column":48}},"55":{"start":{"line":264,"column":8},"end":{"line":264,"column":39}},"56":{"start":{"line":264,"column":31},"end":{"line":264,"column":39}},"57":{"start":{"line":266,"column":8},"end":{"line":266,"column":54}},"58":{"start":{"line":267,"column":8},"end":{"line":267,"column":8827}},"59":{"start":{"line":270,"column":8},"end":{"line":270,"column":8914}},"60":{"start":{"line":274,"column":12},"end":{"line":274,"column":9077}},"61":{"start":{"line":279,"column":8},"end":{"line":279,"column":23}},"62":{"start":{"line":286,"column":8},"end":{"line":286,"column":54}},"63":{"start":{"line":287,"column":8},"end":{"line":287,"column":45}},"64":{"start":{"line":289,"column":8},"end":{"line":289,"column":9476}},"65":{"start":{"line":293,"column":8},"end":{"line":293,"column":66}},"66":{"start":{"line":299,"column":8},"end":{"line":299,"column":66}},"67":{"start":{"line":300,"column":8},"end":{"line":300,"column":55}},"68":{"start":{"line":301,"column":8},"end":{"line":301,"column":42}},"69":{"start":{"line":305,"column":8},"end":{"line":305,"column":35}},"70":{"start":{"line":311,"column":8},"end":{"line":311,"column":48}},"71":{"start":{"line":312,"column":8},"end":{"line":312,"column":39}},"72":{"start":{"line":312,"column":31},"end":{"line":312,"column":39}},"73":{"start":{"line":314,"column":8},"end":{"line":314,"column":54}},"74":{"start":{"line":315,"column":8},"end":{"line":315,"column":10407}},"75":{"start":{"line":322,"column":8},"end":{"line":322,"column":48}},"76":{"start":{"line":323,"column":8},"end":{"line":323,"column":62}},"77":{"start":{"line":323,"column":50},"end":{"line":323,"column":62}},"78":{"start":{"line":324,"column":8},"end":{"line":324,"column":10720}},"79":{"start":{"line":329,"column":8},"end":{"line":329,"column":39}},"80":{"start":{"line":334,"column":8},"end":{"line":334,"column":10983}},"81":{"start":{"line":335,"column":12},"end":{"line":335,"column":11049}},"82":{"start":{"line":336,"column":16},"end":{"line":336,"column":48}},"83":{"start":{"line":339,"column":8},"end":{"line":339,"column":31}},"84":{"start":{"line":343,"column":8},"end":{"line":343,"column":62}},"85":{"start":{"line":344,"column":8},"end":{"line":344,"column":60}},"86":{"start":{"line":346,"column":8},"end":{"line":346,"column":11413}},"87":{"start":{"line":347,"column":12},"end":{"line":347,"column":11479}},"88":{"start":{"line":353,"column":8},"end":{"line":353,"column":40}},"89":{"start":{"line":354,"column":8},"end":{"line":354,"column":11659}},"90":{"start":{"line":357,"column":8},"end":{"line":357,"column":20}},"91":{"start":{"line":361,"column":8},"end":{"line":361,"column":49}},"92":{"start":{"line":362,"column":8},"end":{"line":362,"column":37}},"93":{"start":{"line":362,"column":31},"end":{"line":362,"column":37}},"94":{"start":{"line":364,"column":8},"end":{"line":364,"column":54}},"95":{"start":{"line":365,"column":8},"end":{"line":365,"column":12057}},"96":{"start":{"line":368,"column":8},"end":{"line":368,"column":12128}},"97":{"start":{"line":373,"column":12},"end":{"line":373,"column":51}},"98":{"start":{"line":383,"column":8},"end":{"line":383,"column":48}},"99":{"start":{"line":384,"column":8},"end":{"line":384,"column":39}},"100":{"start":{"line":384,"column":31},"end":{"line":384,"column":39}},"101":{"start":{"line":385,"column":8},"end":{"line":385,"column":62}},"102":{"start":{"line":394,"column":8},"end":{"line":394,"column":49}},"103":{"start":{"line":395,"column":8},"end":{"line":395,"column":12964}},"104":{"start":{"line":396,"column":12},"end":{"line":396,"column":60}},"105":{"start":{"line":403,"column":8},"end":{"line":403,"column":53}},"106":{"start":{"line":408,"column":8},"end":{"line":408,"column":52}}},"branchMap":{"1":{"line":78,"type":"if","locations":[{"start":{"line":78,"column":8},"end":{"line":78,"column":8}},{"start":{"line":78,"column":8},"end":{"line":78,"column":8}}]},"2":{"line":81,"type":"if","locations":[{"start":{"line":81,"column":8},"end":{"line":81,"column":8}},{"start":{"line":81,"column":8},"end":{"line":81,"column":8}}]},"3":{"line":87,"type":"if","locations":[{"start":{"line":87,"column":8},"end":{"line":87,"column":8}},{"start":{"line":87,"column":8},"end":{"line":87,"column":8}}]},"4":{"line":92,"type":"if","locations":[{"start":{"line":92,"column":8},"end":{"line":92,"column":8}},{"start":{"line":92,"column":8},"end":{"line":92,"column":8}}]},"5":{"line":105,"type":"if","locations":[{"start":{"line":105,"column":8},"end":{"line":105,"column":8}},{"start":{"line":105,"column":8},"end":{"line":105,"column":8}}]},"6":{"line":108,"type":"if","locations":[{"start":{"line":108,"column":8},"end":{"line":108,"column":8}},{"start":{"line":108,"column":8},"end":{"line":108,"column":8}}]},"7":{"line":126,"type":"if","locations":[{"start":{"line":126,"column":8},"end":{"line":126,"column":8}},{"start":{"line":126,"column":8},"end":{"line":126,"column":8}}]},"8":{"line":133,"type":"if","locations":[{"start":{"line":133,"column":8},"end":{"line":133,"column":8}},{"start":{"line":133,"column":8},"end":{"line":133,"column":8}}]},"9":{"line":150,"type":"if","locations":[{"start":{"line":150,"column":8},"end":{"line":150,"column":8}},{"start":{"line":150,"column":8},"end":{"line":150,"column":8}}]},"10":{"line":158,"type":"if","locations":[{"start":{"line":158,"column":8},"end":{"line":158,"column":8}},{"start":{"line":158,"column":8},"end":{"line":158,"column":8}}]},"11":{"line":164,"type":"if","locations":[{"start":{"line":164,"column":8},"end":{"line":164,"column":8}},{"start":{"line":164,"column":8},"end":{"line":164,"column":8}}]},"12":{"line":178,"type":"if","locations":[{"start":{"line":178,"column":8},"end":{"line":178,"column":8}},{"start":{"line":178,"column":8},"end":{"line":178,"column":8}}]},"13":{"line":186,"type":"if","locations":[{"start":{"line":186,"column":8},"end":{"line":186,"column":8}},{"start":{"line":186,"column":8},"end":{"line":186,"column":8}}]},"14":{"line":217,"type":"if","locations":[{"start":{"line":217,"column":8},"end":{"line":217,"column":8}},{"start":{"line":217,"column":8},"end":{"line":217,"column":8}}]},"15":{"line":244,"type":"if","locations":[{"start":{"line":244,"column":14},"end":{"line":244,"column":60}},{"start":{"line":245,"column":14},"end":{"line":245,"column":14}}]},"16":{"line":252,"type":"if","locations":[{"start":{"line":252,"column":8},"end":{"line":252,"column":8}},{"start":{"line":252,"column":8},"end":{"line":252,"column":8}}]},"17":{"line":264,"type":"if","locations":[{"start":{"line":264,"column":8},"end":{"line":264,"column":8}},{"start":{"line":264,"column":8},"end":{"line":264,"column":8}}]},"18":{"line":270,"type":"if","locations":[{"start":{"line":270,"column":8},"end":{"line":270,"column":8}},{"start":{"line":270,"column":8},"end":{"line":270,"column":8}}]},"19":{"line":299,"type":"if","locations":[{"start":{"line":299,"column":8},"end":{"line":299,"column":8}},{"start":{"line":299,"column":8},"end":{"line":299,"column":8}}]},"20":{"line":312,"type":"if","locations":[{"start":{"line":312,"column":8},"end":{"line":312,"column":8}},{"start":{"line":312,"column":8},"end":{"line":312,"column":8}}]},"21":{"line":323,"type":"if","locations":[{"start":{"line":323,"column":8},"end":{"line":323,"column":8}},{"start":{"line":323,"column":8},"end":{"line":323,"column":8}}]},"22":{"line":335,"type":"if","locations":[{"start":{"line":335,"column":12},"end":{"line":335,"column":12}},{"start":{"line":335,"column":12},"end":{"line":335,"column":12}}]},"23":{"line":346,"type":"if","locations":[{"start":{"line":346,"column":8},"end":{"line":346,"column":8}},{"start":{"line":346,"column":8},"end":{"line":346,"column":8}}]},"24":{"line":349,"type":"if","locations":[{"start":{"line":349,"column":22},"end":{"line":349,"column":50}},{"start":{"line":350,"column":22},"end":{"line":350,"column":37}}]},"25":{"line":362,"type":"if","locations":[{"start":{"line":362,"column":8},"end":{"line":362,"column":8}},{"start":{"line":362,"column":8},"end":{"line":362,"column":8}}]},"26":{"line":368,"type":"if","locations":[{"start":{"line":368,"column":8},"end":{"line":368,"column":8}},{"start":{"line":368,"column":8},"end":{"line":368,"column":8}}]},"27":{"line":384,"type":"if","locations":[{"start":{"line":384,"column":8},"end":{"line":384,"column":8}},{"start":{"line":384,"column":8},"end":{"line":384,"column":8}}]},"28":{"line":393,"type":"if","locations":[{"start":{"line":393,"column":15},"end":{"line":393,"column":15}},{"start":{"line":393,"column":15},"end":{"line":393,"column":15}}]},"29":{"line":394,"type":"if","locations":[{"start":{"line":394,"column":8},"end":{"line":394,"column":8}},{"start":{"line":394,"column":8},"end":{"line":394,"column":8}}]},"30":{"line":395,"type":"if","locations":[{"start":{"line":395,"column":8},"end":{"line":395,"column":8}},{"start":{"line":395,"column":8},"end":{"line":395,"column":8}}]},"31":{"line":402,"type":"if","locations":[{"start":{"line":402,"column":68},"end":{"line":402,"column":68}},{"start":{"line":402,"column":68},"end":{"line":402,"column":68}}]},"32":{"line":403,"type":"if","locations":[{"start":{"line":403,"column":8},"end":{"line":403,"column":8}},{"start":{"line":403,"column":8},"end":{"line":403,"column":8}}]},"33":{"line":407,"type":"if","locations":[{"start":{"line":407,"column":59},"end":{"line":407,"column":59}},{"start":{"line":407,"column":59},"end":{"line":407,"column":59}}]},"34":{"line":408,"type":"if","locations":[{"start":{"line":408,"column":8},"end":{"line":408,"column":8}},{"start":{"line":408,"column":8},"end":{"line":408,"column":8}}]}}},
"contracts/LiquidityPoolV3.sol":{"l":{"112":91,"113":91,"114":91,"115":91,"119":0,"120":40,"121":0,"125":0,"126":40,"134":1,"135":1,"136":1,"137":39,"139":1,"140":1,"142":1,"148":38,"151":38,"154":1,"157":1,"160":37,"164":1,"175":1,"179":36,"180":0,"181":0,"183":36,"184":36,"185":2,"186":2,"187":34,"188":34,"189":34,"194":29,"195":5,"196":1,"197":34,"199":34,"200":34,"202":34,"207":34,"211":9,"212":9,"217":0,"218":0,"219":0,"220":9,"221":1,"222":1,"229":1,"230":7,"231":7,"232":7,"236":5,"243":0,"245":0,"246":7,"247":0,"248":0,"249":2,"253":2,"254":1,"257":1,"261":8,"262":8,"263":8,"265":8,"266":0,"267":0,"269":114,"270":114,"271":114,"274":2,"275":0,"276":93,"279":93,"280":93,"282":0,"286":0,"287":0,"288":0,"290":2,"291":2,"292":2,"294":27,"295":27,"296":27,"299":3,"302":24,"306":0,"310":0,"313":24,"314":24,"316":24,"323":8,"327":8,"332":8,"334":8,"335":8,"339":8,"343":4,"355":4,"356":4,"377":6,"378":6,"379":4,"387":4,"388":6,"389":6,"393":4,"394":4,"400":4,"401":4,"402":4,"404":2,"405":2,"409":2,"413":2,"414":2,"415":2,"417":89,"418":89,"419":89,"422":146,"423":146,"424":146,"427":48,"428":89,"429":107,"430":106,"434":0,"435":0,"436":5,"437":5,"439":3,"442":3,"443":3,"445":3,"447":3,"449":0,"450":93,"454":152,"455":0,"456":93,"458":93,"459":152,"460":152,"463":152,"464":93,"465":2,"468":0,"470":2,"471":2,"473":2,"475":2,"476":2,"479":0,"480":1,"481":1,"483":1,"487":88,"491":88,"492":17,"496":17,"500":17,"504":13,"511":12,"512":9,"513":9,"517":8,"521":3,"522":3,"526":0,"527":11,"534":11,"535":8,"536":6,"542":6,"543":0,"545":6,"546":0,"549":6,"550":6,"554":6,"555":2,"556":2,"557":2,"561":2,"562":4,"563":0,"565":0,"566":0,"568":0,"572":0,"573":112,"578":112,"579":112,"580":21,"586":91,"587":6,"588":6,"590":0,"591":6,"592":6,"593":6,"594":0,"595":0,"599":6,"600":0,"601":0,"602":6,"604":6,"606":6,"608":107,"612":107,"614":106,"615":106,"617":106,"618":106,"619":0,"620":106,"627":106,"628":106,"630":0,"631":0,"632":0,"633":0,"634":0,"637":0,"641":0,"642":0,"643":0,"647":0,"653":0,"656":0,"657":0,"659":0,"660":0,"668":0,"670":0,"671":0,"672":0,"676":0,"677":0,"679":0,"680":0,"681":0,"682":0,"683":0,"687":0,"691":0,"695":0,"699":0,"700":0,"704":0,"710":0,"717":0,"719":0,"720":0,"724":0,"728":0,"733":0,"734":0,"735":0,"736":0,"737":0,"738":0,"739":0,"744":0,"745":0,"750":0,"751":0,"752":0,"753":0,"754":0,"755":0,"760":0,"761":0,"766":0,"767":0,"768":0,"769":0,"770":0,"775":0,"776":0,"777":0,"784":0,"785":0,"786":0,"793":0,"801":0,"809":0,"810":0,"815":0,"816":0,"818":0,"819":0,"820":0,"825":0,"826":0,"827":0,"828":0,"830":0,"831":0,"832":0,"839":0,"840":0,"841":0,"842":0,"849":0,"850":0,"852":0,"853":0},"path":"/home/vincent/Uni/blockchain-prototyping-sose2025/Lending (BC) + frontend/loan-management/backend/contracts/LiquidityPoolV3.sol","s":{"1":91,"2":0,"3":0,"4":40,"5":1,"6":1,"7":39,"8":39,"9":1,"10":38,"11":1,"12":1,"13":1,"14":37,"15":1,"16":36,"17":0,"18":0,"19":36,"20":36,"21":36,"22":2,"23":2,"24":34,"25":29,"26":1,"27":4,"28":0,"29":9,"30":0,"31":0,"32":9,"33":1,"34":1,"35":8,"36":7,"37":7,"38":7,"39":7,"40":2,"41":7,"42":7,"43":0,"44":2,"45":1,"46":0,"47":8,"48":8,"49":8,"50":8,"51":0,"52":0,"53":114,"54":114,"55":114,"56":2,"57":93,"58":93,"59":0,"60":0,"61":0,"62":2,"63":2,"64":2,"65":2,"66":27,"67":27,"68":27,"69":3,"70":24,"71":0,"72":24,"73":24,"74":24,"75":8,"76":8,"77":8,"78":8,"79":8,"80":4,"81":4,"82":4,"83":6,"84":6,"85":4,"86":6,"87":6,"88":6,"89":4,"90":2,"91":4,"92":4,"93":4,"94":2,"95":2,"96":2,"97":2,"98":2,"99":2,"100":89,"101":89,"102":89,"103":146,"104":98,"105":89,"106":107,"107":106,"108":106,"109":0,"110":5,"111":5,"112":2,"113":93,"114":93,"115":152,"116":93,"117":93,"118":93,"119":152,"120":152,"121":0,"122":141,"123":2,"124":0,"125":2,"126":0,"127":1,"128":88,"129":17,"130":17,"131":17,"132":4,"133":13,"134":3,"135":1,"136":8,"137":3,"138":11,"139":0,"140":8,"141":2,"142":0,"143":6,"144":6,"145":6,"146":6,"147":6,"148":6,"149":2,"150":2,"151":4,"152":0,"153":0,"154":112,"155":0,"156":112,"157":21,"158":91,"159":6,"160":6,"161":6,"162":0,"163":6,"164":6,"165":6,"166":6,"167":107,"168":107,"169":106,"170":106,"171":0,"172":106,"173":106,"174":0,"175":0,"176":0,"177":0,"178":0,"179":0,"180":0,"181":0,"182":0,"183":0,"184":0,"185":0,"186":0,"187":0,"188":0,"189":0,"190":0,"191":0,"192":0,"193":0,"194":0,"195":0,"196":0,"197":0,"198":0,"199":0,"200":0,"201":0,"202":0,"203":0,"204":0,"205":0,"206":0,"207":0,"208":0,"209":0,"210":0,"211":0,"212":0,"213":0,"214":0,"215":0,"216":0,"217":0,"218":0,"219":0,"220":0,"221":0,"222":0,"223":0,"224":0,"225":0,"226":0,"227":0,"228":0,"229":0,"230":0,"231":0,"232":0,"233":0,"234":0,"235":0,"236":0,"237":0,"238":0,"239":0,"240":0,"241":0,"242":0,"243":0,"244":0,"245":0,"246":0,"247":0,"248":0,"249":0,"250":0,"251":0,"252":0,"253":0,"254":0,"255":0,"256":0,"257":0,"258":0,"259":0,"260":0,"261":0,"262":0},"b":{"1":[91,0],"2":[0,0],"3":[0,40],"4":[40,0],"5":[0,0],"6":[36,-35],"7":[2,34],"8":[34,34],"9":[5,34],"10":[0,34],"11":[9,8],"12":[1,8],"13":[0,0],"14":[7,-6],"15":[0,0],"16":[0,2],"17":[1,1],"18":[8,8],"19":[8,114],"20":[114,2],"21":[0,93],"22":[0,2],"23":[2,2],"24":[27,3],"25":[24,24],"26":[8,4],"27":[0,0],"28":[4,0],"29":[0,0],"30":[0,0],"31":[6,4],"32":[4,4],"33":[2,2],"34":[2,0],"35":[89,146],"36":[146,98],"37":[107,106],"38":[5,2],"39":[2,3],"40":[0,0],"41":[152,93],"42":[152,152],"43":[93,2],"44":[2,0],"45":[0,1],"46":[0,0],"47":[0,0],"48":[88,0],"49":[0,0],"50":[17,0],"51":[4,13],"52":[0,0],"53":[0,0],"54":[9,-6],"55":[0,0],"56":[3,0],"57":[0,0],"58":[0,0],"59":[8,0],"60":[2,6],"61":[0,6],"62":[6,6],"63":[0,4],"64":[0,0],"65":[112,0],"66":[0,112],"67":[91,-70],"68":[6,6],"69":[106,1],"70":[0,106],"71":[0,0],"72":[0,0],"73":[0,0],"74":[0,0],"75":[0,0],"76":[0,0],"77":[0,0],"78":[0,0],"79":[0,0],"80":[0,0],"81":[0,0],"82":[0,0],"83":[0,0],"84":[0,0],"85":[0,0],"86":[0,0],"87":[0,0],"88":[0,0],"89":[0,0],"90":[0,0],"91":[0,0],"92":[0,0],"93":[0,0],"94":[0,0],"95":[0,0],"96":[0,0],"97":[0,0],"98":[0,0]},"f":{"1":1,"2":0,"3":0,"4":40,"5":1,"6":37,"7":1,"8":34,"9":1,"10":5,"11":0,"12":0,"13":0,"14":8,"15":8,"16":8,"17":4,"18":4,"19":4,"20":152,"21":88,"22":17,"23":12,"24":1,"25":5,"26":0,"27":11,"28":6,"29":2,"30":0,"31":107,"32":106,"33":0,"34":0,"35":0,"36":0,"37":0,"38":0,"39":0,"40":0,"41":0,"42":0,"43":0,"44":0,"45":0,"46":0,"47":0,"48":0,"49":0,"50":0,"51":0,"52":0,"53":0,"54":0},"fnMap":{"1":{"name":"noReentrancy","line":111,"loc":{"start":{"line":111,"column":4},"end":{"line":116,"column":4}}},"2":{"name":"validAddress","line":118,"loc":{"start":{"line":118,"column":4},"end":{"line":122,"column":4}}},"3":{"name":"whenNotPaused","line":124,"loc":{"start":{"line":124,"column":4},"end":{"line":127,"column":4}}},"4":{"name":"initialize","line":133,"loc":{"start":{"line":129,"column":4},"end":{"line":143,"column":4}}},"5":{"name":"_initializeRiskTiers","line":146,"loc":{"start":{"line":146,"column":4},"end":{"line":161,"column":4}}},"6":{"name":"getAllUsers","line":163,"loc":{"start":{"line":163,"column":4},"end":{"line":165,"column":4}}},"7":{"name":"checkUpkeep","line":167,"loc":{"start":{"line":167,"column":4},"end":{"line":204,"column":4}}},"8":{"name":"performUpkeep","line":206,"loc":{"start":{"line":206,"column":4},"end":{"line":226,"column":4}}},"9":{"name":"setAdmin","line":228,"loc":{"start":{"line":228,"column":4},"end":{"line":233,"column":4}}},"10":{"name":"getAdmin","line":235,"loc":{"start":{"line":235,"column":4},"end":{"line":237,"column":4}}},"11":{"name":"setAllowedCollateral","line":242,"loc":{"start":{"line":239,"column":4},"end":{"line":258,"column":4}}},"12":{"name":"depositCollateral","line":260,"loc":{"start":{"line":260,"column":4},"end":{"line":283,"column":4}}},"13":{"name":"withdrawCollateral","line":285,"loc":{"start":{"line":285,"column":4},"end":{"line":317,"column":4}}},"14":{"name":"getCollateral","line":319,"loc":{"start":{"line":319,"column":4},"end":{"line":324,"column":4}}},"15":{"name":"getMyDebt","line":326,"loc":{"start":{"line":326,"column":4},"end":{"line":328,"column":4}}},"16":{"name":"getRiskTier","line":331,"loc":{"start":{"line":331,"column":4},"end":{"line":344,"column":4}}},"17":{"name":"updateBorrowTier","line":354,"loc":{"start":{"line":347,"column":4},"end":{"line":363,"column":4}}},"18":{"name":"getBorrowTerms","line":366,"loc":{"start":{"line":366,"column":4},"end":{"line":384,"column":4}}},"19":{"name":"borrow","line":386,"loc":{"start":{"line":386,"column":4},"end":{"line":451,"column":4}}},"20":{"name":"repay","line":453,"loc":{"start":{"line":453,"column":4},"end":{"line":484,"column":4}}},"21":{"name":"extract","line":486,"loc":{"start":{"line":486,"column":4},"end":{"line":493,"column":4}}},"22":{"name":"withdrawForLendingManager","line":495,"loc":{"start":{"line":495,"column":4},"end":{"line":505,"column":4}}},"23":{"name":"setCreditScore","line":510,"loc":{"start":{"line":507,"column":4},"end":{"line":514,"column":4}}},"24":{"name":"getCreditScore","line":516,"loc":{"start":{"line":516,"column":4},"end":{"line":518,"column":4}}},"25":{"name":"setPriceFeed","line":520,"loc":{"start":{"line":520,"column":4},"end":{"line":523,"column":4}}},"26":{"name":"getPriceFeed","line":525,"loc":{"start":{"line":525,"column":4},"end":{"line":528,"column":4}}},"27":{"name":"setLiquidationThreshold","line":533,"loc":{"start":{"line":530,"column":4},"end":{"line":537,"column":4}}},"28":{"name":"checkCollateralization","line":539,"loc":{"start":{"line":539,"column":4},"end":{"line":558,"column":4}}},"29":{"name":"startLiquidation","line":560,"loc":{"start":{"line":560,"column":4},"end":{"line":569,"column":4}}},"30":{"name":"executeLiquidation","line":571,"loc":{"start":{"line":571,"column":4},"end":{"line":609,"column":4}}},"31":{"name":"recoverFromLiquidation","line":611,"loc":{"start":{"line":611,"column":4},"end":{"line":622,"column":4}}},"32":{"name":"getTotalCollateralValue","line":624,"loc":{"start":{"line":624,"column":4},"end":{"line":638,"column":4}}},"33":{"name":"getTokenValue","line":640,"loc":{"start":{"line":640,"column":4},"end":{"line":644,"column":4}}},"34":{"name":"getMinCollateralRatio","line":646,"loc":{"start":{"line":646,"column":4},"end":{"line":648,"column":4}}},"35":{"name":"getLiquidationThreshold","line":650,"loc":{"start":{"line":650,"column":4},"end":{"line":661,"column":4}}},"36":{"name":"getAllowedCollateralTokens","line":663,"loc":{"start":{"line":663,"column":4},"end":{"line":688,"column":4}}},"37":{"name":"getBalance","line":694,"loc":{"start":{"line":694,"column":4},"end":{"line":696,"column":4}}},"38":{"name":"togglePause","line":698,"loc":{"start":{"line":698,"column":4},"end":{"line":701,"column":4}}},"39":{"name":"isPaused","line":703,"loc":{"start":{"line":703,"column":4},"end":{"line":705,"column":4}}},"40":{"name":"setLiquidator","line":709,"loc":{"start":{"line":707,"column":4},"end":{"line":711,"column":4}}},"41":{"name":"getMaxBorrowAmount","line":713,"loc":{"start":{"line":713,"column":4},"end":{"line":721,"column":4}}},"42":{"name":"setLendingManager","line":723,"loc":{"start":{"line":723,"column":4},"end":{"line":729,"column":4}}},"43":{"name":"getWeightedRiskScore","line":732,"loc":{"start":{"line":732,"column":4},"end":{"line":746,"column":4}}},"44":{"name":"getRiskMultiplier","line":749,"loc":{"start":{"line":749,"column":4},"end":{"line":756,"column":4}}},"45":{"name":"getRepaymentRatio","line":759,"loc":{"start":{"line":759,"column":4},"end":{"line":762,"column":4}}},"46":{"name":"getRepaymentRiskMultiplier","line":765,"loc":{"start":{"line":765,"column":4},"end":{"line":771,"column":4}}},"47":{"name":"getGlobalRiskMultiplier","line":774,"loc":{"start":{"line":774,"column":4},"end":{"line":778,"column":4}}},"48":{"name":"getRealTimeReturnRate","line":781,"loc":{"start":{"line":781,"column":4},"end":{"line":787,"column":4}}},"49":{"name":"baseLenderAPR","line":790,"loc":{"start":{"line":790,"column":4},"end":{"line":794,"column":4}}},"50":{"name":"getBorrowerRate","line":797,"loc":{"start":{"line":797,"column":4},"end":{"line":802,"column":4}}},"51":{"name":"setMaxPriceAge","line":808,"loc":{"start":{"line":808,"column":4},"end":{"line":811,"column":4}}},"52":{"name":"_getMaxPriceAge","line":814,"loc":{"start":{"line":814,"column":4},"end":{"line":821,"column":4}}},"53":{"name":"isOracleHealthy","line":824,"loc":{"start":{"line":824,"column":4},"end":{"line":833,"column":4}}},"54":{"name":"_getFreshPrice","line":836,"loc":{"start":{"line":836,"column":4},"end":{"line":854,"column":4}}}},"statementMap":{"1":{"start":{"line":112,"column":8},"end":{"line":112,"column":40}},"2":{"start":{"line":119,"column":8},"end":{"line":119,"column":68}},"3":{"start":{"line":120,"column":8},"end":{"line":120,"column":63}},"4":{"start":{"line":125,"column":8},"end":{"line":125,"column":45}},"5":{"start":{"line":134,"column":8},"end":{"line":134,"column":35}},"6":{"start":{"line":135,"column":8},"end":{"line":135,"column":29}},"7":{"start":{"line":136,"column":8},"end":{"line":136,"column":60}},"8":{"start":{"line":137,"column":8},"end":{"line":137,"column":51}},"9":{"start":{"line":142,"column":8},"end":{"line":142,"column":29}},"10":{"start":{"line":148,"column":8},"end":{"line":148,"column":70}},"11":{"start":{"line":151,"column":8},"end":{"line":151,"column":69}},"12":{"start":{"line":154,"column":8},"end":{"line":154,"column":67}},"13":{"start":{"line":157,"column":8},"end":{"line":157,"column":68}},"14":{"start":{"line":160,"column":8},"end":{"line":160,"column":66}},"15":{"start":{"line":164,"column":8},"end":{"line":164,"column":20}},"16":{"start":{"line":175,"column":8},"end":{"line":175,"column":6332}},"17":{"start":{"line":179,"column":8},"end":{"line":179,"column":51}},"18":{"start":{"line":180,"column":8},"end":{"line":180,"column":71}},"19":{"start":{"line":181,"column":8},"end":{"line":181,"column":22}},"20":{"start":{"line":183,"column":8},"end":{"line":183,"column":6602}},"21":{"start":{"line":184,"column":12},"end":{"line":184,"column":40}},"22":{"start":{"line":185,"column":12},"end":{"line":185,"column":6707}},"23":{"start":{"line":186,"column":16},"end":{"line":186,"column":76}},"24":{"start":{"line":187,"column":16},"end":{"line":187,"column":6833}},"25":{"start":{"line":194,"column":8},"end":{"line":194,"column":6987}},"26":{"start":{"line":195,"column":12},"end":{"line":195,"column":58}},"27":{"start":{"line":196,"column":12},"end":{"line":196,"column":7080}},"28":{"start":{"line":207,"column":8},"end":{"line":207,"column":7399}},"29":{"start":{"line":212,"column":8},"end":{"line":212,"column":7557}},"30":{"start":{"line":217,"column":8},"end":{"line":217,"column":7674}},"31":{"start":{"line":218,"column":12},"end":{"line":218,"column":47}},"32":{"start":{"line":219,"column":12},"end":{"line":219,"column":7793}},"33":{"start":{"line":220,"column":16},"end":{"line":220,"column":76}},"34":{"start":{"line":221,"column":16},"end":{"line":221,"column":7919}},"35":{"start":{"line":222,"column":20},"end":{"line":222,"column":43}},"36":{"start":{"line":229,"column":8},"end":{"line":229,"column":57}},"37":{"start":{"line":230,"column":8},"end":{"line":230,"column":35}},"38":{"start":{"line":231,"column":8},"end":{"line":231,"column":47}},"39":{"start":{"line":232,"column":8},"end":{"line":232,"column":50}},"40":{"start":{"line":236,"column":8},"end":{"line":236,"column":22}},"41":{"start":{"line":245,"column":8},"end":{"line":245,"column":34}},"42":{"start":{"line":246,"column":8},"end":{"line":246,"column":8596}},"43":{"start":{"line":247,"column":12},"end":{"line":247,"column":8668}},"44":{"start":{"line":253,"column":8},"end":{"line":253,"column":8797}},"45":{"start":{"line":254,"column":12},"end":{"line":254,"column":42}},"46":{"start":{"line":257,"column":8},"end":{"line":257,"column":57}},"47":{"start":{"line":261,"column":8},"end":{"line":261,"column":9033}},"48":{"start":{"line":262,"column":12},"end":{"line":262,"column":59}},"49":{"start":{"line":263,"column":12},"end":{"line":263,"column":38}},"50":{"start":{"line":265,"column":8},"end":{"line":265,"column":9188}},"51":{"start":{"line":266,"column":12},"end":{"line":266,"column":60}},"52":{"start":{"line":267,"column":12},"end":{"line":267,"column":39}},"53":{"start":{"line":269,"column":8},"end":{"line":269,"column":9329}},"54":{"start":{"line":270,"column":12},"end":{"line":270,"column":67}},"55":{"start":{"line":271,"column":12},"end":{"line":271,"column":46}},"56":{"start":{"line":274,"column":8},"end":{"line":274,"column":9500}},"57":{"start":{"line":276,"column":12},"end":{"line":276,"column":33}},"58":{"start":{"line":279,"column":8},"end":{"line":279,"column":68}},"59":{"start":{"line":282,"column":8},"end":{"line":282,"column":59}},"60":{"start":{"line":286,"column":8},"end":{"line":286,"column":9901}},"61":{"start":{"line":287,"column":12},"end":{"line":287,"column":59}},"62":{"start":{"line":288,"column":12},"end":{"line":288,"column":38}},"63":{"start":{"line":290,"column":8},"end":{"line":290,"column":10056}},"64":{"start":{"line":291,"column":12},"end":{"line":291,"column":62}},"65":{"start":{"line":292,"column":12},"end":{"line":292,"column":41}},"66":{"start":{"line":294,"column":8},"end":{"line":294,"column":10235}},"67":{"start":{"line":295,"column":12},"end":{"line":295,"column":67}},"68":{"start":{"line":296,"column":12},"end":{"line":296,"column":46}},"69":{"start":{"line":299,"column":8},"end":{"line":299,"column":10450}},"70":{"start":{"line":302,"column":8},"end":{"line":302,"column":10536}},"71":{"start":{"line":306,"column":12},"end":{"line":306,"column":10675}},"72":{"start":{"line":310,"column":12},"end":{"line":310,"column":71}},"73":{"start":{"line":314,"column":8},"end":{"line":314,"column":49}},"74":{"start":{"line":316,"column":8},"end":{"line":316,"column":59}},"75":{"start":{"line":323,"column":8},"end":{"line":323,"column":45}},"76":{"start":{"line":327,"column":8},"end":{"line":327,"column":35}},"77":{"start":{"line":332,"column":8},"end":{"line":332,"column":41}},"78":{"start":{"line":334,"column":8},"end":{"line":334,"column":11481}},"79":{"start":{"line":335,"column":12},"end":{"line":335,"column":11554}},"80":{"start":{"line":339,"column":16},"end":{"line":339,"column":34}},"81":{"start":{"line":343,"column":8},"end":{"line":343,"column":53}},"82":{"start":{"line":355,"column":8},"end":{"line":355,"column":68}},"83":{"start":{"line":377,"column":8},"end":{"line":377,"column":41}},"84":{"start":{"line":378,"column":8},"end":{"line":378,"column":73}},"85":{"start":{"line":379,"column":8},"end":{"line":379,"column":12808}},"86":{"start":{"line":387,"column":8},"end":{"line":387,"column":13047}},"87":{"start":{"line":388,"column":12},"end":{"line":388,"column":71}},"88":{"start":{"line":389,"column":12},"end":{"line":389,"column":50}},"89":{"start":{"line":393,"column":8},"end":{"line":393,"column":47}},"90":{"start":{"line":394,"column":8},"end":{"line":394,"column":13332}},"91":{"start":{"line":400,"column":8},"end":{"line":400,"column":13455}},"92":{"start":{"line":401,"column":12},"end":{"line":401,"column":62}},"93":{"start":{"line":402,"column":12},"end":{"line":402,"column":41}},"94":{"start":{"line":404,"column":8},"end":{"line":404,"column":13612}},"95":{"start":{"line":405,"column":12},"end":{"line":405,"column":13660}},"96":{"start":{"line":409,"column":12},"end":{"line":409,"column":69}},"97":{"start":{"line":413,"column":8},"end":{"line":413,"column":13921}},"98":{"start":{"line":414,"column":12},"end":{"line":414,"column":79}},"99":{"start":{"line":415,"column":12},"end":{"line":415,"column":58}},"100":{"start":{"line":417,"column":8},"end":{"line":417,"column":14111}},"101":{"start":{"line":418,"column":12},"end":{"line":418,"column":72}},"102":{"start":{"line":419,"column":12},"end":{"line":419,"column":51}},"103":{"start":{"line":422,"column":8},"end":{"line":422,"column":14291}},"104":{"start":{"line":424,"column":12},"end":{"line":424,"column":33}},"105":{"start":{"line":427,"column":8},"end":{"line":427,"column":69}},"106":{"start":{"line":428,"column":8},"end":{"line":428,"column":14493}},"107":{"start":{"line":429,"column":12},"end":{"line":429,"column":79}},"108":{"start":{"line":430,"column":12},"end":{"line":430,"column":58}},"109":{"start":{"line":434,"column":8},"end":{"line":434,"column":65}},"110":{"start":{"line":435,"column":8},"end":{"line":435,"column":39}},"111":{"start":{"line":436,"column":8},"end":{"line":436,"column":14899}},"112":{"start":{"line":438,"column":15},"end":{"line":438,"column":15016}},"113":{"start":{"line":449,"column":8},"end":{"line":449,"column":43}},"114":{"start":{"line":450,"column":8},"end":{"line":450,"column":41}},"115":{"start":{"line":454,"column":8},"end":{"line":454,"column":15559}},"116":{"start":{"line":455,"column":12},"end":{"line":455,"column":61}},"117":{"start":{"line":456,"column":12},"end":{"line":456,"column":40}},"118":{"start":{"line":458,"column":8},"end":{"line":458,"column":15716}},"119":{"start":{"line":459,"column":12},"end":{"line":459,"column":66}},"120":{"start":{"line":460,"column":12},"end":{"line":460,"column":45}},"121":{"start":{"line":463,"column":8},"end":{"line":463,"column":15873}},"122":{"start":{"line":464,"column":12},"end":{"line":464,"column":70}},"123":{"start":{"line":465,"column":12},"end":{"line":465,"column":49}},"124":{"start":{"line":468,"column":8},"end":{"line":468,"column":47}},"125":{"start":{"line":475,"column":8},"end":{"line":475,"column":16332}},"126":{"start":{"line":479,"column":8},"end":{"line":479,"column":16429}},"127":{"start":{"line":483,"column":8},"end":{"line":483,"column":42}},"128":{"start":{"line":487,"column":8},"end":{"line":487,"column":16701}},"129":{"start":{"line":491,"column":8},"end":{"line":491,"column":40}},"130":{"start":{"line":492,"column":8},"end":{"line":492,"column":39}},"131":{"start":{"line":496,"column":8},"end":{"line":496,"column":16988}},"132":{"start":{"line":500,"column":8},"end":{"line":500,"column":17116}},"133":{"start":{"line":504,"column":8},"end":{"line":504,"column":43}},"134":{"start":{"line":511,"column":8},"end":{"line":511,"column":50}},"135":{"start":{"line":513,"column":8},"end":{"line":513,"column":45}},"136":{"start":{"line":517,"column":8},"end":{"line":517,"column":32}},"137":{"start":{"line":521,"column":8},"end":{"line":521,"column":77}},"138":{"start":{"line":526,"column":8},"end":{"line":526,"column":77}},"139":{"start":{"line":527,"column":8},"end":{"line":527,"column":31}},"140":{"start":{"line":534,"column":8},"end":{"line":534,"column":77}},"141":{"start":{"line":535,"column":8},"end":{"line":535,"column":59}},"142":{"start":{"line":542,"column":8},"end":{"line":542,"column":68}},"143":{"start":{"line":543,"column":8},"end":{"line":543,"column":37}},"144":{"start":{"line":545,"column":8},"end":{"line":545,"column":18593}},"145":{"start":{"line":546,"column":12},"end":{"line":546,"column":44}},"146":{"start":{"line":549,"column":8},"end":{"line":549,"column":18675}},"147":{"start":{"line":550,"column":12},"end":{"line":550,"column":29}},"148":{"start":{"line":554,"column":8},"end":{"line":554,"column":58}},"149":{"start":{"line":557,"column":8},"end":{"line":557,"column":33}},"150":{"start":{"line":561,"column":8},"end":{"line":561,"column":57}},"151":{"start":{"line":562,"column":8},"end":{"line":562,"column":49}},"152":{"start":{"line":563,"column":8},"end":{"line":563,"column":68}},"153":{"start":{"line":568,"column":8},"end":{"line":568,"column":37}},"154":{"start":{"line":572,"column":8},"end":{"line":572,"column":74}},"155":{"start":{"line":573,"column":8},"end":{"line":573,"column":19509}},"156":{"start":{"line":578,"column":8},"end":{"line":578,"column":62}},"157":{"start":{"line":579,"column":8},"end":{"line":579,"column":19763}},"158":{"start":{"line":580,"column":12},"end":{"line":580,"column":19822}},"159":{"start":{"line":586,"column":8},"end":{"line":586,"column":37}},"160":{"start":{"line":587,"column":8},"end":{"line":587,"column":60}},"161":{"start":{"line":588,"column":8},"end":{"line":588,"column":45}},"162":{"start":{"line":590,"column":8},"end":{"line":590,"column":20105}},"163":{"start":{"line":591,"column":12},"end":{"line":591,"column":37}},"164":{"start":{"line":592,"column":12},"end":{"line":592,"column":60}},"165":{"start":{"line":593,"column":12},"end":{"line":593,"column":20265}},"166":{"start":{"line":595,"column":16},"end":{"line":595,"column":58}},"167":{"start":{"line":608,"column":8},"end":{"line":608,"column":64}},"168":{"start":{"line":612,"column":8},"end":{"line":612,"column":72}},"169":{"start":{"line":614,"column":8},"end":{"line":614,"column":68}},"170":{"start":{"line":617,"column":8},"end":{"line":617,"column":63}},"171":{"start":{"line":618,"column":8},"end":{"line":618,"column":21219}},"172":{"start":{"line":627,"column":8},"end":{"line":627,"column":30}},"173":{"start":{"line":628,"column":8},"end":{"line":628,"column":62}},"174":{"start":{"line":630,"column":8},"end":{"line":630,"column":21553}},"175":{"start":{"line":631,"column":12},"end":{"line":631,"column":37}},"176":{"start":{"line":632,"column":12},"end":{"line":632,"column":60}},"177":{"start":{"line":633,"column":12},"end":{"line":633,"column":21713}},"178":{"start":{"line":637,"column":8},"end":{"line":637,"column":25}},"179":{"start":{"line":641,"column":8},"end":{"line":641,"column":49}},"180":{"start":{"line":642,"column":8},"end":{"line":642,"column":74}},"181":{"start":{"line":643,"column":8},"end":{"line":643,"column":51}},"182":{"start":{"line":647,"column":8},"end":{"line":647,"column":44}},"183":{"start":{"line":653,"column":8},"end":{"line":653,"column":22347}},"184":{"start":{"line":656,"column":8},"end":{"line":656,"column":22456}},"185":{"start":{"line":657,"column":12},"end":{"line":657,"column":38}},"186":{"start":{"line":659,"column":8},"end":{"line":659,"column":55}},"187":{"start":{"line":660,"column":8},"end":{"line":660,"column":72}},"188":{"start":{"line":668,"column":8},"end":{"line":668,"column":22}},"189":{"start":{"line":670,"column":8},"end":{"line":670,"column":22819}},"190":{"start":{"line":671,"column":12},"end":{"line":671,"column":22891}},"191":{"start":{"line":676,"column":8},"end":{"line":676,"column":61}},"192":{"start":{"line":677,"column":8},"end":{"line":677,"column":22}},"193":{"start":{"line":679,"column":8},"end":{"line":679,"column":23084}},"194":{"start":{"line":680,"column":12},"end":{"line":680,"column":50}},"195":{"start":{"line":681,"column":12},"end":{"line":681,"column":23208}},"196":{"start":{"line":687,"column":8},"end":{"line":687,"column":28}},"197":{"start":{"line":695,"column":8},"end":{"line":695,"column":36}},"198":{"start":{"line":700,"column":8},"end":{"line":700,"column":36}},"199":{"start":{"line":704,"column":8},"end":{"line":704,"column":21}},"200":{"start":{"line":717,"column":8},"end":{"line":717,"column":24051}},"201":{"start":{"line":719,"column":8},"end":{"line":719,"column":53}},"202":{"start":{"line":720,"column":8},"end":{"line":720,"column":44}},"203":{"start":{"line":724,"column":8},"end":{"line":724,"column":24314}},"204":{"start":{"line":733,"column":8},"end":{"line":733,"column":27}},"205":{"start":{"line":734,"column":8},"end":{"line":734,"column":29}},"206":{"start":{"line":744,"column":8},"end":{"line":744,"column":40}},"207":{"start":{"line":744,"column":32},"end":{"line":744,"column":40}},"208":{"start":{"line":745,"column":8},"end":{"line":745,"column":42}},"209":{"start":{"line":750,"column":8},"end":{"line":750,"column":46}},"210":{"start":{"line":751,"column":8},"end":{"line":751,"column":35}},"211":{"start":{"line":751,"column":24},"end":{"line":751,"column":35}},"212":{"start":{"line":752,"column":8},"end":{"line":752,"column":35}},"213":{"start":{"line":752,"column":24},"end":{"line":752,"column":35}},"214":{"start":{"line":753,"column":8},"end":{"line":753,"column":35}},"215":{"start":{"line":753,"column":24},"end":{"line":753,"column":35}},"216":{"start":{"line":754,"column":8},"end":{"line":754,"column":36}},"217":{"start":{"line":754,"column":24},"end":{"line":754,"column":36}},"218":{"start":{"line":755,"column":8},"end":{"line":755,"column":20}},"219":{"start":{"line":760,"column":8},"end":{"line":760,"column":50}},"220":{"start":{"line":760,"column":39},"end":{"line":760,"column":50}},"221":{"start":{"line":761,"column":8},"end":{"line":761,"column":65}},"222":{"start":{"line":766,"column":8},"end":{"line":766,"column":43}},"223":{"start":{"line":767,"column":8},"end":{"line":767,"column":39}},"224":{"start":{"line":767,"column":28},"end":{"line":767,"column":39}},"225":{"start":{"line":768,"column":8},"end":{"line":768,"column":41}},"226":{"start":{"line":768,"column":28},"end":{"line":768,"column":41}},"227":{"start":{"line":769,"column":8},"end":{"line":769,"column":41}},"228":{"start":{"line":769,"column":28},"end":{"line":769,"column":41}},"229":{"start":{"line":770,"column":8},"end":{"line":770,"column":21}},"230":{"start":{"line":775,"column":8},"end":{"line":775,"column":46}},"231":{"start":{"line":776,"column":8},"end":{"line":776,"column":56}},"232":{"start":{"line":777,"column":8},"end":{"line":777,"column":44}},"233":{"start":{"line":784,"column":8},"end":{"line":784,"column":47}},"234":{"start":{"line":785,"column":8},"end":{"line":785,"column":54}},"235":{"start":{"line":786,"column":8},"end":{"line":786,"column":44}},"236":{"start":{"line":793,"column":8},"end":{"line":793,"column":19}},"237":{"start":{"line":801,"column":8},"end":{"line":801,"column":16}},"238":{"start":{"line":809,"column":8},"end":{"line":809,"column":42}},"239":{"start":{"line":815,"column":8},"end":{"line":815,"column":40}},"240":{"start":{"line":816,"column":8},"end":{"line":816,"column":31}},"241":{"start":{"line":816,"column":21},"end":{"line":816,"column":31}},"242":{"start":{"line":818,"column":8},"end":{"line":818,"column":28247}},"243":{"start":{"line":819,"column":12},"end":{"line":819,"column":43}},"244":{"start":{"line":820,"column":8},"end":{"line":820,"column":41}},"245":{"start":{"line":825,"column":8},"end":{"line":825,"column":46}},"246":{"start":{"line":826,"column":8},"end":{"line":826,"column":51}},"247":{"start":{"line":826,"column":39},"end":{"line":826,"column":51}},"248":{"start":{"line":827,"column":8},"end":{"line":827,"column":69}},"249":{"start":{"line":828,"column":8},"end":{"line":828,"column":28664}},"250":{"start":{"line":830,"column":8},"end":{"line":830,"column":78}},"251":{"start":{"line":830,"column":66},"end":{"line":830,"column":78}},"252":{"start":{"line":831,"column":8},"end":{"line":831,"column":51}},"253":{"start":{"line":831,"column":39},"end":{"line":831,"column":51}},"254":{"start":{"line":832,"column":8},"end":{"line":832,"column":19}},"255":{"start":{"line":839,"column":8},"end":{"line":839,"column":46}},"256":{"start":{"line":840,"column":8},"end":{"line":840,"column":63}},"257":{"start":{"line":841,"column":8},"end":{"line":841,"column":69}},"258":{"start":{"line":842,"column":8},"end":{"line":842,"column":29284}},"259":{"start":{"line":849,"column":8},"end":{"line":849,"column":29440}},"260":{"start":{"line":850,"column":12},"end":{"line":850,"column":32}},"261":{"start":{"line":852,"column":8},"end":{"line":852,"column":62}},"262":{"start":{"line":853,"column":8},"end":{"line":853,"column":44}}},"branchMap":{"1":{"line":112,"type":"if","locations":[{"start":{"line":112,"column":8},"end":{"line":112,"column":8}},{"start":{"line":112,"column":8},"end":{"line":112,"column":8}}]},"2":{"line":119,"type":"if","locations":[{"start":{"line":119,"column":8},"end":{"line":119,"column":8}},{"start":{"line":119,"column":8},"end":{"line":119,"column":8}}]},"3":{"line":120,"type":"if","locations":[{"start":{"line":120,"column":8},"end":{"line":120,"column":8}},{"start":{"line":120,"column":8},"end":{"line":120,"column":8}}]},"4":{"line":125,"type":"if","locations":[{"start":{"line":125,"column":8},"end":{"line":125,"column":8}},{"start":{"line":125,"column":8},"end":{"line":125,"column":8}}]},"5":{"line":133,"type":"if","locations":[{"start":{"line":133,"column":13},"end":{"line":133,"column":13}},{"start":{"line":133,"column":13},"end":{"line":133,"column":13}}]},"6":{"line":175,"type":"if","locations":[{"start":{"line":175,"column":8},"end":{"line":175,"column":8}},{"start":{"line":175,"column":8},"end":{"line":175,"column":8}}]},"7":{"line":185,"type":"if","locations":[{"start":{"line":185,"column":12},"end":{"line":185,"column":12}},{"start":{"line":185,"column":12},"end":{"line":185,"column":12}}]},"8":{"line":187,"type":"if","locations":[{"start":{"line":187,"column":16},"end":{"line":187,"column":16}},{"start":{"line":187,"column":16},"end":{"line":187,"column":16}}]},"9":{"line":194,"type":"if","locations":[{"start":{"line":194,"column":8},"end":{"line":194,"column":8}},{"start":{"line":194,"column":8},"end":{"line":194,"column":8}}]},"10":{"line":207,"type":"if","locations":[{"start":{"line":207,"column":8},"end":{"line":207,"column":8}},{"start":{"line":207,"column":8},"end":{"line":207,"column":8}}]},"11":{"line":219,"type":"if","locations":[{"start":{"line":219,"column":12},"end":{"line":219,"column":12}},{"start":{"line":219,"column":12},"end":{"line":219,"column":12}}]},"12":{"line":221,"type":"if","locations":[{"start":{"line":221,"column":16},"end":{"line":221,"column":16}},{"start":{"line":221,"column":16},"end":{"line":221,"column":16}}]},"13":{"line":228,"type":"if","locations":[{"start":{"line":228,"column":49},"end":{"line":228,"column":49}},{"start":{"line":228,"column":49},"end":{"line":228,"column":49}}]},"14":{"line":229,"type":"if","locations":[{"start":{"line":229,"column":8},"end":{"line":229,"column":8}},{"start":{"line":229,"column":8},"end":{"line":229,"column":8}}]},"15":{"line":242,"type":"if","locations":[{"start":{"line":242,"column":15},"end":{"line":242,"column":15}},{"start":{"line":242,"column":15},"end":{"line":242,"column":15}}]},"16":{"line":247,"type":"if","locations":[{"start":{"line":247,"column":12},"end":{"line":247,"column":12}},{"start":{"line":247,"column":12},"end":{"line":247,"column":12}}]},"17":{"line":253,"type":"if","locations":[{"start":{"line":253,"column":8},"end":{"line":253,"column":8}},{"start":{"line":253,"column":8},"end":{"line":253,"column":8}}]},"18":{"line":261,"type":"if","locations":[{"start":{"line":261,"column":8},"end":{"line":261,"column":8}},{"start":{"line":261,"column":8},"end":{"line":261,"column":8}}]},"19":{"line":265,"type":"if","locations":[{"start":{"line":265,"column":8},"end":{"line":265,"column":8}},{"start":{"line":265,"column":8},"end":{"line":265,"column":8}}]},"20":{"line":269,"type":"if","locations":[{"start":{"line":269,"column":8},"end":{"line":269,"column":8}},{"start":{"line":269,"column":8},"end":{"line":269,"column":8}}]},"21":{"line":274,"type":"if","locations":[{"start":{"line":274,"column":8},"end":{"line":274,"column":8}},{"start":{"line":274,"column":8},"end":{"line":274,"column":8}}]},"22":{"line":286,"type":"if","locations":[{"start":{"line":286,"column":8},"end":{"line":286,"column":8}},{"start":{"line":286,"column":8},"end":{"line":286,"column":8}}]},"23":{"line":290,"type":"if","locations":[{"start":{"line":290,"column":8},"end":{"line":290,"column":8}},{"start":{"line":290,"column":8},"end":{"line":290,"column":8}}]},"24":{"line":294,"type":"if","locations":[{"start":{"line":294,"column":8},"end":{"line":294,"column":8}},{"start":{"line":294,"column":8},"end":{"line":294,"column":8}}]},"25":{"line":302,"type":"if","locations":[{"start":{"line":302,"column":8},"end":{"line":302,"column":8}},{"start":{"line":302,"column":8},"end":{"line":302,"column":8}}]},"26":{"line":335,"type":"if","locations":[{"start":{"line":335,"column":12},"end":{"line":335,"column":12}},{"start":{"line":335,"column":12},"end":{"line":335,"column":12}}]},"27":{"line":354,"type":"if","locations":[{"start":{"line":354,"column":15},"end":{"line":354,"column":15}},{"start":{"line":354,"column":15},"end":{"line":354,"column":15}}]},"28":{"line":355,"type":"if","locations":[{"start":{"line":355,"column":8},"end":{"line":355,"column":8}},{"start":{"line":355,"column":8},"end":{"line":355,"column":8}}]},"29":{"line":386,"type":"if","locations":[{"start":{"line":386,"column":45},"end":{"line":386,"column":45}},{"start":{"line":386,"column":45},"end":{"line":386,"column":45}}]},"30":{"line":386,"type":"if","locations":[{"start":{"line":386,"column":59},"end":{"line":386,"column":59}},{"start":{"line":386,"column":59},"end":{"line":386,"column":59}}]},"31":{"line":387,"type":"if","locations":[{"start":{"line":387,"column":8},"end":{"line":387,"column":8}},{"start":{"line":387,"column":8},"end":{"line":387,"column":8}}]},"32":{"line":400,"type":"if","locations":[{"start":{"line":400,"column":8},"end":{"line":400,"column":8}},{"start":{"line":400,"column":8},"end":{"line":400,"column":8}}]},"33":{"line":404,"type":"if","locations":[{"start":{"line":404,"column":8},"end":{"line":404,"column":8}},{"start":{"line":404,"column":8},"end":{"line":404,"column":8}}]},"34":{"line":413,"type":"if","locations":[{"start":{"line":413,"column":8},"end":{"line":413,"column":8}},{"start":{"line":413,"column":8},"end":{"line":413,"column":8}}]},"35":{"line":417,"type":"if","locations":[{"start":{"line":417,"column":8},"end":{"line":417,"column":8}},{"start":{"line":417,"column":8},"end":{"line":417,"column":8}}]},"36":{"line":422,"type":"if","locations":[{"start":{"line":422,"column":8},"end":{"line":422,"column":8}},{"start":{"line":422,"column":8},"end":{"line":422,"column":8}}]},"37":{"line":428,"type":"if","locations":[{"start":{"line":428,"column":8},"end":{"line":428,"column":8}},{"start":{"line":428,"column":8},"end":{"line":428,"column":8}}]},"38":{"line":436,"type":"if","locations":[{"start":{"line":436,"column":8},"end":{"line":436,"column":8}},{"start":{"line":436,"column":8},"end":{"line":436,"column":8}}]},"39":{"line":438,"type":"if","locations":[{"start":{"line":438,"column":15},"end":{"line":438,"column":15}},{"start":{"line":438,"column":15},"end":{"line":438,"column":15}}]},"40":{"line":453,"type":"if","locations":[{"start":{"line":453,"column":38},"end":{"line":453,"column":38}},{"start":{"line":453,"column":38},"end":{"line":453,"column":38}}]},"41":{"line":454,"type":"if","locations":[{"start":{"line":454,"column":8},"end":{"line":454,"column":8}},{"start":{"line":454,"column":8},"end":{"line":454,"column":8}}]},"42":{"line":458,"type":"if","locations":[{"start":{"line":458,"column":8},"end":{"line":458,"column":8}},{"start":{"line":458,"column":8},"end":{"line":458,"column":8}}]},"43":{"line":463,"type":"if","locations":[{"start":{"line":463,"column":8},"end":{"line":463,"column":8}},{"start":{"line":463,"column":8},"end":{"line":463,"column":8}}]},"44":{"line":475,"type":"if","locations":[{"start":{"line":475,"column":8},"end":{"line":475,"column":8}},{"start":{"line":475,"column":8},"end":{"line":475,"column":8}}]},"45":{"line":479,"type":"if","locations":[{"start":{"line":479,"column":8},"end":{"line":479,"column":8}},{"start":{"line":479,"column":8},"end":{"line":479,"column":8}}]},"46":{"line":486,"type":"if","locations":[{"start":{"line":486,"column":46},"end":{"line":486,"column":46}},{"start":{"line":486,"column":46},"end":{"line":486,"column":46}}]},"47":{"line":486,"type":"if","locations":[{"start":{"line":486,"column":56},"end":{"line":486,"column":56}},{"start":{"line":486,"column":56},"end":{"line":486,"column":56}}]},"48":{"line":487,"type":"if","locations":[{"start":{"line":487,"column":8},"end":{"line":487,"column":8}},{"start":{"line":487,"column":8},"end":{"line":487,"column":8}}]},"49":{"line":495,"type":"if","locations":[{"start":{"line":495,"column":64},"end":{"line":495,"column":64}},{"start":{"line":495,"column":64},"end":{"line":495,"column":64}}]},"50":{"line":496,"type":"if","locations":[{"start":{"line":496,"column":8},"end":{"line":496,"column":8}},{"start":{"line":496,"column":8},"end":{"line":496,"column":8}}]},"51":{"line":500,"type":"if","locations":[{"start":{"line":500,"column":8},"end":{"line":500,"column":8}},{"start":{"line":500,"column":8},"end":{"line":500,"column":8}}]},"52":{"line":510,"type":"if","locations":[{"start":{"line":510,"column":15},"end":{"line":510,"column":15}},{"start":{"line":510,"column":15},"end":{"line":510,"column":15}}]},"53":{"line":510,"type":"if","locations":[{"start":{"line":510,"column":25},"end":{"line":510,"column":25}},{"start":{"line":510,"column":25},"end":{"line":510,"column":25}}]},"54":{"line":511,"type":"if","locations":[{"start":{"line":511,"column":8},"end":{"line":511,"column":8}},{"start":{"line":511,"column":8},"end":{"line":511,"column":8}}]},"55":{"line":520,"type":"if","locations":[{"start":{"line":520,"column":64},"end":{"line":520,"column":64}},{"start":{"line":520,"column":64},"end":{"line":520,"column":64}}]},"56":{"line":521,"type":"if","locations":[{"start":{"line":521,"column":8},"end":{"line":521,"column":8}},{"start":{"line":521,"column":8},"end":{"line":521,"column":8}}]},"57":{"line":526,"type":"if","locations":[{"start":{"line":526,"column":8},"end":{"line":526,"column":8}},{"start":{"line":526,"column":8},"end":{"line":526,"column":8}}]},"58":{"line":533,"type":"if","locations":[{"start":{"line":533,"column":15},"end":{"line":533,"column":15}},{"start":{"line":533,"column":15},"end":{"line":533,"column":15}}]},"59":{"line":534,"type":"if","locations":[{"start":{"line":534,"column":8},"end":{"line":534,"column":8}},{"start":{"line":534,"column":8},"end":{"line":534,"column":8}}]},"60":{"line":535,"type":"if","locations":[{"start":{"line":535,"column":8},"end":{"line":535,"column":8}},{"start":{"line":535,"column":8},"end":{"line":535,"column":8}}]},"61":{"line":545,"type":"if","locations":[{"start":{"line":545,"column":8},"end":{"line":545,"column":8}},{"start":{"line":545,"column":8},"end":{"line":545,"column":8}}]},"62":{"line":549,"type":"if","locations":[{"start":{"line":549,"column":8},"end":{"line":549,"column":8}},{"start":{"line":549,"column":8},"end":{"line":549,"column":8}}]},"63":{"line":562,"type":"if","locations":[{"start":{"line":562,"column":8},"end":{"line":562,"column":8}},{"start":{"line":562,"column":8},"end":{"line":562,"column":8}}]},"64":{"line":563,"type":"if","locations":[{"start":{"line":563,"column":8},"end":{"line":563,"column":8}},{"start":{"line":563,"column":8},"end":{"line":563,"column":8}}]},"65":{"line":572,"type":"if","locations":[{"start":{"line":572,"column":8},"end":{"line":572,"column":8}},{"start":{"line":572,"column":8},"end":{"line":572,"column":8}}]},"66":{"line":573,"type":"if","locations":[{"start":{"line":573,"column":8},"end":{"line":573,"column":8}},{"start":{"line":573,"column":8},"end":{"line":573,"column":8}}]},"67":{"line":580,"type":"if","locations":[{"start":{"line":580,"column":12},"end":{"line":580,"column":12}},{"start":{"line":580,"column":12},"end":{"line":580,"column":12}}]},"68":{"line":593,"type":"if","locations":[{"start":{"line":593,"column":12},"end":{"line":593,"column":12}},{"start":{"line":593,"column":12},"end":{"line":593,"column":12}}]},"69":{"line":612,"type":"if","locations":[{"start":{"line":612,"column":8},"end":{"line":612,"column":8}},{"start":{"line":612,"column":8},"end":{"line":612,"column":8}}]},"70":{"line":618,"type":"if","locations":[{"start":{"line":618,"column":8},"end":{"line":618,"column":8}},{"start":{"line":618,"column":8},"end":{"line":618,"column":8}}]},"71":{"line":633,"type":"if","locations":[{"start":{"line":633,"column":12},"end":{"line":633,"column":12}},{"start":{"line":633,"column":12},"end":{"line":633,"column":12}}]},"72":{"line":656,"type":"if","locations":[{"start":{"line":656,"column":8},"end":{"line":656,"column":8}},{"start":{"line":656,"column":8},"end":{"line":656,"column":8}}]},"73":{"line":660,"type":"if","locations":[{"start":{"line":660,"column":31},"end":{"line":660,"column":39}},{"start":{"line":660,"column":43},"end":{"line":660,"column":71}}]},"74":{"line":671,"type":"if","locations":[{"start":{"line":671,"column":12},"end":{"line":671,"column":12}},{"start":{"line":671,"column":12},"end":{"line":671,"column":12}}]},"75":{"line":681,"type":"if","locations":[{"start":{"line":681,"column":12},"end":{"line":681,"column":12}},{"start":{"line":681,"column":12},"end":{"line":681,"column":12}}]},"76":{"line":698,"type":"if","locations":[{"start":{"line":698,"column":36},"end":{"line":698,"column":36}},{"start":{"line":698,"column":36},"end":{"line":698,"column":36}}]},"77":{"line":709,"type":"if","locations":[{"start":{"line":709,"column":15},"end":{"line":709,"column":15}},{"start":{"line":709,"column":15},"end":{"line":709,"column":15}}]},"78":{"line":723,"type":"if","locations":[{"start":{"line":723,"column":65},"end":{"line":723,"column":65}},{"start":{"line":723,"column":65},"end":{"line":723,"column":65}}]},"79":{"line":724,"type":"if","locations":[{"start":{"line":724,"column":8},"end":{"line":724,"column":8}},{"start":{"line":724,"column":8},"end":{"line":724,"column":8}}]},"80":{"line":744,"type":"if","locations":[{"start":{"line":744,"column":8},"end":{"line":744,"column":8}},{"start":{"line":744,"column":8},"end":{"line":744,"column":8}}]},"81":{"line":751,"type":"if","locations":[{"start":{"line":751,"column":8},"end":{"line":751,"column":8}},{"start":{"line":751,"column":8},"end":{"line":751,"column":8}}]},"82":{"line":752,"type":"if","locations":[{"start":{"line":752,"column":8},"end":{"line":752,"column":8}},{"start":{"line":752,"column":8},"end":{"line":752,"column":8}}]},"83":{"line":753,"type":"if","locations":[{"start":{"line":753,"column":8},"end":{"line":753,"column":8}},{"start":{"line":753,"column":8},"end":{"line":753,"column":8}}]},"84":{"line":754,"type":"if","locations":[{"start":{"line":754,"column":8},"end":{"line":754,"column":8}},{"start":{"line":754,"column":8},"end":{"line":754,"column":8}}]},"85":{"line":760,"type":"if","locations":[{"start":{"line":760,"column":8},"end":{"line":760,"column":8}},{"start":{"line":760,"column":8},"end":{"line":760,"column":8}}]},"86":{"line":767,"type":"if","locations":[{"start":{"line":767,"column":8},"end":{"line":767,"column":8}},{"start":{"line":767,"column":8},"end":{"line":767,"column":8}}]},"87":{"line":768,"type":"if","locations":[{"start":{"line":768,"column":8},"end":{"line":768,"column":8}},{"start":{"line":768,"column":8},"end":{"line":768,"column":8}}]},"88":{"line":769,"type":"if","locations":[{"start":{"line":769,"column":8},"end":{"line":769,"column":8}},{"start":{"line":769,"column":8},"end":{"line":769,"column":8}}]},"89":{"line":808,"type":"if","locations":[{"start":{"line":808,"column":65},"end":{"line":808,"column":65}},{"start":{"line":808,"column":65},"end":{"line":808,"column":65}}]},"90":{"line":809,"type":"if","locations":[{"start":{"line":809,"column":8},"end":{"line":809,"column":8}},{"start":{"line":809,"column":8},"end":{"line":809,"column":8}}]},"91":{"line":816,"type":"if","locations":[{"start":{"line":816,"column":8},"end":{"line":816,"column":8}},{"start":{"line":816,"column":8},"end":{"line":816,"column":8}}]},"92":{"line":818,"type":"if","locations":[{"start":{"line":818,"column":8},"end":{"line":818,"column":8}},{"start":{"line":818,"column":8},"end":{"line":818,"column":8}}]},"93":{"line":826,"type":"if","locations":[{"start":{"line":826,"column":8},"end":{"line":826,"column":8}},{"start":{"line":826,"column":8},"end":{"line":826,"column":8}}]},"94":{"line":830,"type":"if","locations":[{"start":{"line":830,"column":8},"end":{"line":830,"column":8}},{"start":{"line":830,"column":8},"end":{"line":830,"column":8}}]},"95":{"line":831,"type":"if","locations":[{"start":{"line":831,"column":8},"end":{"line":831,"column":8}},{"start":{"line":831,"column":8},"end":{"line":831,"column":8}}]},"96":{"line":840,"type":"if","locations":[{"start":{"line":840,"column":8},"end":{"line":840,"column":8}},{"start":{"line":840,"column":8},"end":{"line":840,"column":8}}]},"97":{"line":849,"type":"if","locations":[{"start":{"line":849,"column":8},"end":{"line":849,"column":8}},{"start":{"line":849,"column":8},"end":{"line":849,"column":8}}]},"98":{"line":852,"type":"if","locations":[{"start":{"line":852,"column":8},"end":{"line":852,"column":8}},{"start":{"line":852,"column":8},"end":{"line":852,"column":8}}]}}},
"contracts/MockPriceFeed.sol":{"l":{"11":0,"12":0,"16":0,"20":0,"24":0,"39":0,"56":0,"60":0},"path":"/home/vincent/Uni/blockchain-prototyping-sose2025/Lending (BC) + frontend/loan-management/backend/contracts/MockPriceFeed.sol","s":{"1":0,"2":0,"3":0,"4":0,"5":0},"b":{},"f":{"1":0,"2":0,"3":0,"4":0,"5":0,"6":0,"7":0},"fnMap":{"1":{"name":"constructor","line":10,"loc":{"start":{"line":10,"column":4},"end":{"line":13,"column":4}}},"2":{"name":"decimals","line":15,"loc":{"start":{"line":15,"column":4},"end":{"line":17,"column":4}}},"3":{"name":"description","line":19,"loc":{"start":{"line":19,"column":4},"end":{"line":21,"column":4}}},"4":{"name":"version","line":23,"loc":{"start":{"line":23,"column":4},"end":{"line":25,"column":4}}},"5":{"name":"latestRoundData","line":27,"loc":{"start":{"line":27,"column":4},"end":{"line":40,"column":4}}},"6":{"name":"getRoundData","line":42,"loc":{"start":{"line":42,"column":4},"end":{"line":57,"column":4}}},"7":{"name":"setPrice","line":59,"loc":{"start":{"line":59,"column":4},"end":{"line":61,"column":4}}}},"statementMap":{"1":{"start":{"line":16,"column":8},"end":{"line":16,"column":24}},"2":{"start":{"line":20,"column":8},"end":{"line":20,"column":30}},"3":{"start":{"line":24,"column":8},"end":{"line":24,"column":16}},"4":{"start":{"line":39,"column":8},"end":{"line":39,"column":63}},"5":{"start":{"line":56,"column":8},"end":{"line":56,"column":63}}},"branchMap":{}},
"contracts/StablecoinManager.sol":{"l":{"32":0,"33":0,"38":0,"39":0,"40":0,"42":0,"46":0,"47":0,"52":0,"58":0,"59":0,"64":0,"68":0},"path":"/home/vincent/Uni/blockchain-prototyping-sose2025/Lending (BC) + frontend/loan-management/backend/contracts/StablecoinManager.sol","s":{"1":0,"2":0,"3":0,"4":0,"5":0,"6":0,"7":0,"8":0,"9":0,"10":0},"b":{"1":[0,0],"2":[0,0],"3":[0,0],"4":[0,0],"5":[0,0],"6":[0,0],"7":[0,0]},"f":{"1":0,"2":0,"3":0,"4":0,"5":0},"fnMap":{"1":{"name":"constructor","line":24,"loc":{"start":{"line":24,"column":4},"end":{"line":24,"column":61}}},"2":{"name":"setStablecoinParams","line":31,"loc":{"start":{"line":26,"column":4},"end":{"line":43,"column":4}}},"3":{"name":"getLTV","line":45,"loc":{"start":{"line":45,"column":4},"end":{"line":53,"column":4}}},"4":{"name":"getLiquidationThreshold","line":55,"loc":{"start":{"line":55,"column":4},"end":{"line":65,"column":4}}},"5":{"name":"isTokenStablecoin","line":67,"loc":{"start":{"line":67,"column":4},"end":{"line":69,"column":4}}}},"statementMap":{"1":{"start":{"line":32,"column":8},"end":{"line":32,"column":57}},"2":{"start":{"line":33,"column":8},"end":{"line":33,"column":1249}},"3":{"start":{"line":42,"column":8},"end":{"line":42,"column":68}},"4":{"start":{"line":46,"column":8},"end":{"line":46,"column":1693}},"5":{"start":{"line":47,"column":12},"end":{"line":47,"column":1768}},"6":{"start":{"line":52,"column":8},"end":{"line":52,"column":35}},"7":{"start":{"line":58,"column":8},"end":{"line":58,"column":2031}},"8":{"start":{"line":59,"column":12},"end":{"line":59,"column":2124}},"9":{"start":{"line":64,"column":8},"end":{"line":64,"column":16}},"10":{"start":{"line":68,"column":8},"end":{"line":68,"column":34}}},"branchMap":{"1":{"line":31,"type":"if","locations":[{"start":{"line":31,"column":15},"end":{"line":31,"column":15}},{"start":{"line":31,"column":15},"end":{"line":31,"column":15}}]},"2":{"line":32,"type":"if","locations":[{"start":{"line":32,"column":8},"end":{"line":32,"column":8}},{"start":{"line":32,"column":8},"end":{"line":32,"column":8}}]},"3":{"line":33,"type":"if","locations":[{"start":{"line":33,"column":8},"end":{"line":33,"column":8}},{"start":{"line":33,"column":8},"end":{"line":33,"column":8}}]},"4":{"line":46,"type":"if","locations":[{"start":{"line":46,"column":8},"end":{"line":46,"column":8}},{"start":{"line":46,"column":8},"end":{"line":46,"column":8}}]},"5":{"line":49,"type":"if","locations":[{"start":{"line":49,"column":22},"end":{"line":49,"column":41}},{"start":{"line":50,"column":22},"end":{"line":50,"column":43}}]},"6":{"line":58,"type":"if","locations":[{"start":{"line":58,"column":8},"end":{"line":58,"column":8}},{"start":{"line":58,"column":8},"end":{"line":58,"column":8}}]},"7":{"line":61,"type":"if","locations":[{"start":{"line":61,"column":22},"end":{"line":61,"column":58}},{"start":{"line":62,"column":22},"end":{"line":62,"column":61}}]}}}}
