TN:
SF:/home/vincent/Uni/blockchain-prototyping-sose2025/Lending (BC) + frontend/loan-management/backend/contracts/GlintToken.sol
FN:9,constructor
FNF:1
FNH:1
FNDA:93,constructor
DA:10,93
LF:1
LH:1
BRF:0
BRH:0
end_of_record
TN:
SF:/home/vincent/Uni/blockchain-prototyping-sose2025/Lending (BC) + frontend/loan-management/backend/contracts/LendingManager.sol
FN:65,constructor
FN:77,depositFunds
FN:103,requestWithdrawal
FN:124,completeWithdrawal
FN:156,claimInterest
FN:184,cancelPrincipalWithdrawal
FN:197,getLenderInfo
FN:227,getWithdrawalStatus
FN:260,calculateInterest
FN:282,calculatePotentialInterest
FN:296,getInterestTier
FN:304,getInterestTierCount
FN:308,getAvailableInterest
FN:319,canCompleteWithdrawal
FN:328,getInterestRate
FN:333,_getInterestRate
FN:342,_currentInterestIndex
FN:360,_creditInterest
FN:380,_nextDistributionTime
FN:393,setInterestTier
FN:402,setEarlyWithdrawalPenalty
FN:407,setCurrentDailyRate
FNF:22
FNH:15
FNDA:88,constructor
FNDA:60,depositFunds
FNDA:7,requestWithdrawal
FNDA:6,completeWithdrawal
FNDA:2,claimInterest
FNDA:1,cancelPrincipalWithdrawal
FNDA:8,getLenderInfo
FNDA:0,getWithdrawalStatus
FNDA:1,calculateInterest
FNDA:2,calculatePotentialInterest
FNDA:0,getInterestTier
FNDA:0,getInterestTierCount
FNDA:0,getAvailableInterest
FNDA:0,canCompleteWithdrawal
FNDA:34,getInterestRate
FNDA:131,_getInterestRate
FNDA:75,_currentInterestIndex
FNDA:65,_creditInterest
FNDA:8,_nextDistributionTime
FNDA:0,setInterestTier
FNDA:0,setEarlyWithdrawalPenalty
FNDA:2,setCurrentDailyRate
DA:66,88
DA:67,88
DA:68,88
DA:69,88
DA:72,88
DA:73,88
DA:74,88
DA:78,60
DA:79,2
DA:81,58
DA:82,2
DA:86,56
DA:87,56
DA:89,56
DA:90,56
DA:92,56
DA:93,56
DA:94,56
DA:97,56
DA:98,56
DA:100,56
DA:104,7
DA:105,7
DA:106,0
DA:108,7
DA:109,0
DA:112,7
DA:113,7
DA:114,7
DA:115,7
DA:117,7
DA:125,6
DA:126,6
DA:127,0
DA:130,6
DA:131,6
DA:133,6
DA:134,3
DA:135,3
DA:136,3
DA:139,6
DA:140,6
DA:141,6
DA:144,6
DA:150,6
DA:152,6
DA:153,6
DA:157,2
DA:158,2
DA:159,0
DA:162,2
DA:163,2
DA:164,2
DA:165,0
DA:168,2
DA:169,2
DA:172,2
DA:178,2
DA:180,2
DA:181,2
DA:185,1
DA:186,1
DA:187,0
DA:190,1
DA:191,1
DA:192,1
DA:194,1
DA:211,8
DA:212,8
DA:213,8
DA:214,8
DA:215,8
DA:217,8
DA:218,7
DA:219,7
DA:224,8
DA:240,0
DA:241,0
DA:243,0
DA:247,0
DA:248,0
DA:252,0
DA:253,0
DA:254,0
DA:263,1
DA:264,1
DA:266,1
DA:267,1
DA:270,1
DA:271,1
DA:274,1
DA:275,1
DA:279,1
DA:286,2
DA:287,2
DA:289,2
DA:290,2
DA:293,2
DA:299,0
DA:300,0
DA:301,0
DA:305,0
DA:311,0
DA:312,0
DA:314,0
DA:315,0
DA:322,0
DA:323,0
DA:324,0
DA:329,34
DA:334,131
DA:335,151
DA:336,121
DA:339,10
DA:343,75
DA:344,75
DA:346,75
DA:347,67
DA:353,8
DA:354,8
DA:355,97
DA:357,8
DA:361,65
DA:362,65
DA:364,9
DA:365,9
DA:368,9
DA:369,3
DA:370,3
DA:371,3
DA:372,3
DA:373,3
DA:376,9
DA:377,9
DA:383,8
DA:384,8
DA:385,7
DA:394,0
DA:395,0
DA:396,0
DA:398,0
DA:403,0
DA:404,0
DA:408,2
DA:409,1
DA:410,1
LF:146
LH:115
BRDA:78,1,0,2
BRDA:78,1,1,58
BRDA:81,2,0,2
BRDA:81,2,1,56
BRDA:87,3,0,56
BRDA:87,3,1,0
BRDA:92,4,0,56
BRDA:92,4,1,0
BRDA:105,5,0,0
BRDA:105,5,1,7
BRDA:108,6,0,0
BRDA:108,6,1,7
BRDA:126,7,0,0
BRDA:126,7,1,6
BRDA:133,8,0,3
BRDA:133,8,1,3
BRDA:150,9,0,6
BRDA:150,9,1,0
BRDA:158,10,0,0
BRDA:158,10,1,2
BRDA:164,11,0,0
BRDA:164,11,1,2
BRDA:178,12,0,2
BRDA:178,12,1,0
BRDA:186,13,0,0
BRDA:186,13,1,1
BRDA:217,14,0,7
BRDA:217,14,1,1
BRDA:244,15,0,0
BRDA:244,15,1,0
BRDA:252,16,0,0
BRDA:252,16,1,0
BRDA:264,17,0,0
BRDA:264,17,1,1
BRDA:270,18,0,1
BRDA:270,18,1,0
BRDA:299,19,0,0
BRDA:299,19,1,0
BRDA:312,20,0,0
BRDA:312,20,1,0
BRDA:323,21,0,0
BRDA:323,21,1,0
BRDA:335,22,0,121
BRDA:335,22,1,30
BRDA:346,23,0,67
BRDA:346,23,1,8
BRDA:349,24,0,0
BRDA:349,24,1,67
BRDA:362,25,0,56
BRDA:362,25,1,9
BRDA:368,26,0,3
BRDA:368,26,1,6
BRDA:384,27,0,1
BRDA:384,27,1,7
BRDA:393,28,0,0
BRDA:393,28,1,0
BRDA:394,29,0,0
BRDA:394,29,1,0
BRDA:395,30,0,0
BRDA:395,30,1,0
BRDA:402,31,0,0
BRDA:402,31,1,0
BRDA:403,32,0,0
BRDA:403,32,1,0
BRDA:407,33,0,2
BRDA:407,33,1,0
BRDA:408,34,0,1
BRDA:408,34,1,1
BRF:68
BRH:34
end_of_record
TN:
SF:/home/vincent/Uni/blockchain-prototyping-sose2025/Lending (BC) + frontend/loan-management/backend/contracts/LiquidityPoolV3.sol
FN:111,noReentrancy
FN:118,validAddress
FN:124,whenNotPaused
FN:133,initialize
FN:146,_initializeRiskTiers
FN:163,getAllUsers
FN:167,checkUpkeep
FN:206,performUpkeep
FN:228,setAdmin
FN:235,getAdmin
FN:242,setAllowedCollateral
FN:260,depositCollateral
FN:285,withdrawCollateral
FN:319,getCollateral
FN:326,getMyDebt
FN:331,getRiskTier
FN:354,updateBorrowTier
FN:366,getBorrowTerms
FN:386,borrow
FN:453,repay
FN:486,extract
FN:495,withdrawForLendingManager
FN:510,setCreditScore
FN:516,getCreditScore
FN:520,setPriceFeed
FN:525,getPriceFeed
FN:533,setLiquidationThreshold
FN:539,checkCollateralization
FN:560,startLiquidation
FN:571,executeLiquidation
FN:611,recoverFromLiquidation
FN:624,getTotalCollateralValue
FN:640,getTokenValue
FN:646,getMinCollateralRatio
FN:650,getLiquidationThreshold
FN:663,getAllowedCollateralTokens
FN:694,getBalance
FN:698,togglePause
FN:703,isPaused
FN:709,setLiquidator
FN:713,getMaxBorrowAmount
FN:723,setLendingManager
FN:732,getWeightedRiskScore
FN:749,getRiskMultiplier
FN:759,getRepaymentRatio
FN:765,getRepaymentRiskMultiplier
FN:774,getGlobalRiskMultiplier
FN:781,getRealTimeReturnRate
FN:790,baseLenderAPR
FN:797,getBorrowerRate
FN:808,setMaxPriceAge
FN:814,_getMaxPriceAge
FN:824,isOracleHealthy
FN:836,_getFreshPrice
FNF:54
FNH:25
FNDA:1,noReentrancy
FNDA:0,validAddress
FNDA:0,whenNotPaused
FNDA:40,initialize
FNDA:1,_initializeRiskTiers
FNDA:37,getAllUsers
FNDA:1,checkUpkeep
FNDA:34,performUpkeep
FNDA:1,setAdmin
FNDA:5,getAdmin
FNDA:0,setAllowedCollateral
FNDA:0,depositCollateral
FNDA:0,withdrawCollateral
FNDA:8,getCollateral
FNDA:8,getMyDebt
FNDA:8,getRiskTier
FNDA:4,updateBorrowTier
FNDA:4,getBorrowTerms
FNDA:4,borrow
FNDA:152,repay
FNDA:88,extract
FNDA:17,withdrawForLendingManager
FNDA:12,setCreditScore
FNDA:1,getCreditScore
FNDA:5,setPriceFeed
FNDA:0,getPriceFeed
FNDA:11,setLiquidationThreshold
FNDA:6,checkCollateralization
FNDA:2,startLiquidation
FNDA:0,executeLiquidation
FNDA:107,recoverFromLiquidation
FNDA:106,getTotalCollateralValue
FNDA:0,getTokenValue
FNDA:0,getMinCollateralRatio
FNDA:0,getLiquidationThreshold
FNDA:0,getAllowedCollateralTokens
FNDA:0,getBalance
FNDA:0,togglePause
FNDA:0,isPaused
FNDA:0,setLiquidator
FNDA:0,getMaxBorrowAmount
FNDA:0,setLendingManager
FNDA:0,getWeightedRiskScore
FNDA:0,getRiskMultiplier
FNDA:0,getRepaymentRatio
FNDA:0,getRepaymentRiskMultiplier
FNDA:0,getGlobalRiskMultiplier
FNDA:0,getRealTimeReturnRate
FNDA:0,baseLenderAPR
FNDA:0,getBorrowerRate
FNDA:0,setMaxPriceAge
FNDA:0,_getMaxPriceAge
FNDA:0,isOracleHealthy
FNDA:0,_getFreshPrice
DA:112,91
DA:113,91
DA:114,91
DA:115,91
DA:119,0
DA:120,40
DA:121,0
DA:125,0
DA:126,40
DA:134,1
DA:135,1
DA:136,1
DA:137,39
DA:139,1
DA:140,1
DA:142,1
DA:148,38
DA:151,38
DA:154,1
DA:157,1
DA:160,37
DA:164,1
DA:175,1
DA:179,36
DA:180,0
DA:181,0
DA:183,36
DA:184,36
DA:185,2
DA:186,2
DA:187,34
DA:188,34
DA:189,34
DA:194,29
DA:195,5
DA:196,1
DA:197,34
DA:199,34
DA:200,34
DA:202,34
DA:207,34
DA:211,9
DA:212,9
DA:217,0
DA:218,0
DA:219,0
DA:220,9
DA:221,1
DA:222,1
DA:229,1
DA:230,7
DA:231,7
DA:232,7
DA:236,5
DA:243,0
DA:245,0
DA:246,7
DA:247,0
DA:248,0
DA:249,2
DA:253,2
DA:254,1
DA:257,1
DA:261,8
DA:262,8
DA:263,8
DA:265,8
DA:266,0
DA:267,0
DA:269,114
DA:270,114
DA:271,114
DA:274,2
DA:275,0
DA:276,93
DA:279,93
DA:280,93
DA:282,0
DA:286,0
DA:287,0
DA:288,0
DA:290,2
DA:291,2
DA:292,2
DA:294,27
DA:295,27
DA:296,27
DA:299,3
DA:302,24
DA:306,0
DA:310,0
DA:313,24
DA:314,24
DA:316,24
DA:323,8
DA:327,8
DA:332,8
DA:334,8
DA:335,8
DA:339,8
DA:343,4
DA:355,4
DA:356,4
DA:377,6
DA:378,6
DA:379,4
DA:387,4
DA:388,6
DA:389,6
DA:393,4
DA:394,4
DA:400,4
DA:401,4
DA:402,4
DA:404,2
DA:405,2
DA:409,2
DA:413,2
DA:414,2
DA:415,2
DA:417,89
DA:418,89
DA:419,89
DA:422,146
DA:423,146
DA:424,146
DA:427,48
DA:428,89
DA:429,107
DA:430,106
DA:434,0
DA:435,0
DA:436,5
DA:437,5
DA:439,3
DA:442,3
DA:443,3
DA:445,3
DA:447,3
DA:449,0
DA:450,93
DA:454,152
DA:455,0
DA:456,93
DA:458,93
DA:459,152
DA:460,152
DA:463,152
DA:464,93
DA:465,2
DA:468,0
DA:470,2
DA:471,2
DA:473,2
DA:475,2
DA:476,2
DA:479,0
DA:480,1
DA:481,1
DA:483,1
DA:487,88
DA:491,88
DA:492,17
DA:496,17
DA:500,17
DA:504,13
DA:511,12
DA:512,9
DA:513,9
DA:517,8
DA:521,3
DA:522,3
DA:526,0
DA:527,11
DA:534,11
DA:535,8
DA:536,6
DA:542,6
DA:543,0
DA:545,6
DA:546,0
DA:549,6
DA:550,6
DA:554,6
DA:555,2
DA:556,2
DA:557,2
DA:561,2
DA:562,4
DA:563,0
DA:565,0
DA:566,0
DA:568,0
DA:572,0
DA:573,112
DA:578,112
DA:579,112
DA:580,21
DA:586,91
DA:587,6
DA:588,6
DA:590,0
DA:591,6
DA:592,6
DA:593,6
DA:594,0
DA:595,0
DA:599,6
DA:600,0
DA:601,0
DA:602,6
DA:604,6
DA:606,6
DA:608,107
DA:612,107
DA:614,106
DA:615,106
DA:617,106
DA:618,106
DA:619,0
DA:620,106
DA:627,106
DA:628,106
DA:630,0
DA:631,0
DA:632,0
DA:633,0
DA:634,0
DA:637,0
DA:641,0
DA:642,0
DA:643,0
DA:647,0
DA:653,0
DA:656,0
DA:657,0
DA:659,0
DA:660,0
DA:668,0
DA:670,0
DA:671,0
DA:672,0
DA:676,0
DA:677,0
DA:679,0
DA:680,0
DA:681,0
DA:682,0
DA:683,0
DA:687,0
DA:691,0
DA:695,0
DA:699,0
DA:700,0
DA:704,0
DA:710,0
DA:717,0
DA:719,0
DA:720,0
DA:724,0
DA:728,0
DA:733,0
DA:734,0
DA:735,0
DA:736,0
DA:737,0
DA:738,0
DA:739,0
DA:744,0
DA:745,0
DA:750,0
DA:751,0
DA:752,0
DA:753,0
DA:754,0
DA:755,0
DA:760,0
DA:761,0
DA:766,0
DA:767,0
DA:768,0
DA:769,0
DA:770,0
DA:775,0
DA:776,0
DA:777,0
DA:784,0
DA:785,0
DA:786,0
DA:793,0
DA:801,0
DA:809,0
DA:810,0
DA:815,0
DA:816,0
DA:818,0
DA:819,0
DA:820,0
DA:825,0
DA:826,0
DA:827,0
DA:828,0
DA:830,0
DA:831,0
DA:832,0
DA:839,0
DA:840,0
DA:841,0
DA:842,0
DA:849,0
DA:850,0
DA:852,0
DA:853,0
LF:313
LH:182
BRDA:112,1,0,91
BRDA:112,1,1,0
BRDA:119,2,0,0
BRDA:119,2,1,0
BRDA:120,3,0,0
BRDA:120,3,1,40
BRDA:125,4,0,40
BRDA:125,4,1,0
BRDA:133,5,0,0
BRDA:133,5,1,0
BRDA:175,6,0,36
BRDA:175,6,1,-35
BRDA:185,7,0,2
BRDA:185,7,1,34
BRDA:187,8,0,34
BRDA:187,8,1,34
BRDA:194,9,0,5
BRDA:194,9,1,34
BRDA:207,10,0,0
BRDA:207,10,1,34
BRDA:219,11,0,9
BRDA:219,11,1,8
BRDA:221,12,0,1
BRDA:221,12,1,8
BRDA:228,13,0,0
BRDA:228,13,1,0
BRDA:229,14,0,7
BRDA:229,14,1,-6
BRDA:242,15,0,0
BRDA:242,15,1,0
BRDA:247,16,0,0
BRDA:247,16,1,2
BRDA:253,17,0,1
BRDA:253,17,1,1
BRDA:261,18,0,8
BRDA:261,18,1,8
BRDA:265,19,0,8
BRDA:265,19,1,114
BRDA:269,20,0,114
BRDA:269,20,1,2
BRDA:274,21,0,0
BRDA:274,21,1,93
BRDA:286,22,0,0
BRDA:286,22,1,2
BRDA:290,23,0,2
BRDA:290,23,1,2
BRDA:294,24,0,27
BRDA:294,24,1,3
BRDA:302,25,0,24
BRDA:302,25,1,24
BRDA:335,26,0,8
BRDA:335,26,1,4
BRDA:354,27,0,0
BRDA:354,27,1,0
BRDA:355,28,0,4
BRDA:355,28,1,0
BRDA:386,29,0,0
BRDA:386,29,1,0
BRDA:386,30,0,0
BRDA:386,30,1,0
BRDA:387,31,0,6
BRDA:387,31,1,4
BRDA:400,32,0,4
BRDA:400,32,1,4
BRDA:404,33,0,2
BRDA:404,33,1,2
BRDA:413,34,0,2
BRDA:413,34,1,0
BRDA:417,35,0,89
BRDA:417,35,1,146
BRDA:422,36,0,146
BRDA:422,36,1,98
BRDA:428,37,0,107
BRDA:428,37,1,106
BRDA:436,38,0,5
BRDA:436,38,1,2
BRDA:438,39,0,2
BRDA:438,39,1,3
BRDA:453,40,0,0
BRDA:453,40,1,0
BRDA:454,41,0,152
BRDA:454,41,1,93
BRDA:458,42,0,152
BRDA:458,42,1,152
BRDA:463,43,0,93
BRDA:463,43,1,2
BRDA:475,44,0,2
BRDA:475,44,1,0
BRDA:479,45,0,0
BRDA:479,45,1,1
BRDA:486,46,0,0
BRDA:486,46,1,0
BRDA:486,47,0,0
BRDA:486,47,1,0
BRDA:487,48,0,88
BRDA:487,48,1,0
BRDA:495,49,0,0
BRDA:495,49,1,0
BRDA:496,50,0,17
BRDA:496,50,1,0
BRDA:500,51,0,4
BRDA:500,51,1,13
BRDA:510,52,0,0
BRDA:510,52,1,0
BRDA:510,53,0,0
BRDA:510,53,1,0
BRDA:511,54,0,9
BRDA:511,54,1,-6
BRDA:520,55,0,0
BRDA:520,55,1,0
BRDA:521,56,0,3
BRDA:521,56,1,0
BRDA:526,57,0,0
BRDA:526,57,1,0
BRDA:533,58,0,0
BRDA:533,58,1,0
BRDA:534,59,0,8
BRDA:534,59,1,0
BRDA:535,60,0,2
BRDA:535,60,1,6
BRDA:545,61,0,0
BRDA:545,61,1,6
BRDA:549,62,0,6
BRDA:549,62,1,6
BRDA:562,63,0,0
BRDA:562,63,1,4
BRDA:563,64,0,0
BRDA:563,64,1,0
BRDA:572,65,0,112
BRDA:572,65,1,0
BRDA:573,66,0,0
BRDA:573,66,1,112
BRDA:580,67,0,91
BRDA:580,67,1,-70
BRDA:593,68,0,6
BRDA:593,68,1,6
BRDA:612,69,0,106
BRDA:612,69,1,1
BRDA:618,70,0,0
BRDA:618,70,1,106
BRDA:633,71,0,0
BRDA:633,71,1,0
BRDA:656,72,0,0
BRDA:656,72,1,0
BRDA:660,73,0,0
BRDA:660,73,1,0
BRDA:671,74,0,0
BRDA:671,74,1,0
BRDA:681,75,0,0
BRDA:681,75,1,0
BRDA:698,76,0,0
BRDA:698,76,1,0
BRDA:709,77,0,0
BRDA:709,77,1,0
BRDA:723,78,0,0
BRDA:723,78,1,0
BRDA:724,79,0,0
BRDA:724,79,1,0
BRDA:744,80,0,0
BRDA:744,80,1,0
BRDA:751,81,0,0
BRDA:751,81,1,0
BRDA:752,82,0,0
BRDA:752,82,1,0
BRDA:753,83,0,0
BRDA:753,83,1,0
BRDA:754,84,0,0
BRDA:754,84,1,0
BRDA:760,85,0,0
BRDA:760,85,1,0
BRDA:767,86,0,0
BRDA:767,86,1,0
BRDA:768,87,0,0
BRDA:768,87,1,0
BRDA:769,88,0,0
BRDA:769,88,1,0
BRDA:808,89,0,0
BRDA:808,89,1,0
BRDA:809,90,0,0
BRDA:809,90,1,0
BRDA:816,91,0,0
BRDA:816,91,1,0
BRDA:818,92,0,0
BRDA:818,92,1,0
BRDA:826,93,0,0
BRDA:826,93,1,0
BRDA:830,94,0,0
BRDA:830,94,1,0
BRDA:831,95,0,0
BRDA:831,95,1,0
BRDA:840,96,0,0
BRDA:840,96,1,0
BRDA:849,97,0,0
BRDA:849,97,1,0
BRDA:852,98,0,0
BRDA:852,98,1,0
BRF:196
BRH:82
end_of_record
TN:
SF:/home/vincent/Uni/blockchain-prototyping-sose2025/Lending (BC) + frontend/loan-management/backend/contracts/MockPriceFeed.sol
FN:10,constructor
FN:15,decimals
FN:19,description
FN:23,version
FN:27,latestRoundData
FN:42,getRoundData
FN:59,setPrice
FNF:7
FNH:0
FNDA:0,constructor
FNDA:0,decimals
FNDA:0,description
FNDA:0,version
FNDA:0,latestRoundData
FNDA:0,getRoundData
FNDA:0,setPrice
DA:11,0
DA:12,0
DA:16,0
DA:20,0
DA:24,0
DA:39,0
DA:56,0
DA:60,0
LF:8
LH:0
BRF:0
BRH:0
end_of_record
TN:
SF:/home/vincent/Uni/blockchain-prototyping-sose2025/Lending (BC) + frontend/loan-management/backend/contracts/StablecoinManager.sol
FN:24,constructor
FN:31,setStablecoinParams
FN:45,getLTV
FN:55,getLiquidationThreshold
FN:67,isTokenStablecoin
FNF:5
FNH:0
FNDA:0,constructor
FNDA:0,setStablecoinParams
FNDA:0,getLTV
FNDA:0,getLiquidationThreshold
FNDA:0,isTokenStablecoin
DA:32,0
DA:33,0
DA:38,0
DA:39,0
DA:40,0
DA:42,0
DA:46,0
DA:47,0
DA:52,0
DA:58,0
DA:59,0
DA:64,0
DA:68,0
LF:13
LH:0
BRDA:31,1,0,0
BRDA:31,1,1,0
BRDA:32,2,0,0
BRDA:32,2,1,0
BRDA:33,3,0,0
BRDA:33,3,1,0
BRDA:46,4,0,0
BRDA:46,4,1,0
BRDA:49,5,0,0
BRDA:49,5,1,0
BRDA:58,6,0,0
BRDA:58,6,1,0
BRDA:61,7,0,0
BRDA:61,7,1,0
BRF:14
BRH:0
end_of_record
